<?xml version="1.0" encoding="utf-8"?>
<!DOCTYPE coverage SYSTEM "http://cobertura.sourceforge.net/xml/coverage-04.dtd">
<coverage line-rate="0.9679911699779249" branch-rate="0.9302325581395349" lines-covered="877" lines-valid="906" branches-covered="160" branches-valid="172" complexity="345" version="0" timestamp="1750687640">
  <sources>
    <source>/home/runner/work/Ombor.API/Ombor.API/src/</source>
  </sources>
  <packages>
    <package name="Ombor.API" line-rate="0.9811320754716981" branch-rate="0.5" complexity="24">
      <classes>
        <class name="Ombor.API.Controllers.CategoriesController" filename="/home/runner/work/Ombor.API/Ombor.API/src/Ombor.API/Controllers/CategoriesController.cs" line-rate="1" branch-rate="1" complexity="2">
          <methods>
            <method name=".ctor" signature="(Ombor.Application.Interfaces.ICategoryService)" line-rate="1" branch-rate="1" complexity="1">
              <lines>
                <line number="13" hits="44" branch="false" />
              </lines>
            </method>
            <method name=".ctor" signature="(Ombor.Application.Interfaces.ICategoryService)" line-rate="1" branch-rate="1" complexity="1">
              <lines>
                <line number="13" hits="44" branch="false" />
              </lines>
            </method>
          </methods>
          <lines>
            <line number="13" hits="44" branch="false" />
          </lines>
        </class>
        <class name="Ombor.API.Controllers.PartnersController" filename="/home/runner/work/Ombor.API/Ombor.API/src/Ombor.API/Controllers/PartnersController.cs" line-rate="1" branch-rate="1" complexity="2">
          <methods>
            <method name=".ctor" signature="(Ombor.Application.Interfaces.IPartnerService)" line-rate="1" branch-rate="1" complexity="1">
              <lines>
                <line number="13" hits="44" branch="false" />
              </lines>
            </method>
            <method name=".ctor" signature="(Ombor.Application.Interfaces.IPartnerService)" line-rate="1" branch-rate="1" complexity="1">
              <lines>
                <line number="13" hits="44" branch="false" />
              </lines>
            </method>
          </methods>
          <lines>
            <line number="13" hits="44" branch="false" />
          </lines>
        </class>
        <class name="Ombor.API.Controllers.ProductsController" filename="/home/runner/work/Ombor.API/Ombor.API/src/Ombor.API/Controllers/ProductsController.cs" line-rate="1" branch-rate="1" complexity="2">
          <methods>
            <method name=".ctor" signature="(Ombor.Application.Interfaces.IProductService)" line-rate="1" branch-rate="1" complexity="1">
              <lines>
                <line number="13" hits="46" branch="false" />
              </lines>
            </method>
            <method name=".ctor" signature="(Ombor.Application.Interfaces.IProductService)" line-rate="1" branch-rate="1" complexity="1">
              <lines>
                <line number="13" hits="46" branch="false" />
              </lines>
            </method>
          </methods>
          <lines>
            <line number="13" hits="46" branch="false" />
          </lines>
        </class>
        <class name="Ombor.API.Controllers.TemplatesController" filename="/home/runner/work/Ombor.API/Ombor.API/src/Ombor.API/Controllers/TemplatesController.cs" line-rate="1" branch-rate="1" complexity="2">
          <methods>
            <method name=".ctor" signature="(Ombor.Application.Interfaces.ITemplateService)" line-rate="1" branch-rate="1" complexity="1">
              <lines>
                <line number="10" hits="28" branch="false" />
              </lines>
            </method>
            <method name=".ctor" signature="(Ombor.Application.Interfaces.ITemplateService)" line-rate="1" branch-rate="1" complexity="1">
              <lines>
                <line number="10" hits="28" branch="false" />
              </lines>
            </method>
          </methods>
          <lines>
            <line number="10" hits="28" branch="false" />
          </lines>
        </class>
        <class name="Ombor.API.Extensions.DependencyInjection" filename="/home/runner/work/Ombor.API/Ombor.API/src/Ombor.API/Extensions/DependencyInjection.cs" line-rate="0.975609756097561" branch-rate="0.5" complexity="14">
          <methods>
            <method name="AddApi" signature="(Microsoft.Extensions.DependencyInjection.IServiceCollection,Microsoft.Extensions.Configuration.IConfiguration)" line-rate="1" branch-rate="1" complexity="1">
              <lines>
                <line number="14" hits="40" branch="false" />
                <line number="15" hits="40" branch="false" />
                <line number="16" hits="40" branch="false" />
                <line number="17" hits="40" branch="false" />
                <line number="18" hits="40" branch="false" />
                <line number="19" hits="40" branch="false" />
                <line number="21" hits="40" branch="false" />
              </lines>
            </method>
            <method name="AddErrorHandlers" signature="(Microsoft.Extensions.DependencyInjection.IServiceCollection)" line-rate="1" branch-rate="1" complexity="1">
              <lines>
                <line number="26" hits="40" branch="false" />
                <line number="27" hits="40" branch="false" />
                <line number="28" hits="40" branch="false" />
                <line number="29" hits="40" branch="false" />
                <line number="30" hits="40" branch="false" />
                <line number="31" hits="40" branch="false" />
              </lines>
            </method>
            <method name="AddSwagger" signature="(Microsoft.Extensions.DependencyInjection.IServiceCollection,Microsoft.Extensions.Configuration.IConfiguration)" line-rate="1" branch-rate="1" complexity="1">
              <lines>
                <line number="35" hits="40" branch="false" />
                <line number="36" hits="40" branch="false" />
                <line number="38" hits="40" branch="false" />
                <line number="39" hits="40" branch="false" />
                <line number="40" hits="40" branch="false" />
                <line number="41" hits="40" branch="false" />
                <line number="42" hits="40" branch="false" />
                <line number="43" hits="40" branch="false" />
                <line number="44" hits="40" branch="false" />
                <line number="45" hits="40" branch="false" />
                <line number="46" hits="40" branch="false" />
                <line number="47" hits="40" branch="false" />
                <line number="48" hits="40" branch="false" />
                <line number="49" hits="40" branch="false" />
              </lines>
            </method>
            <method name="AddCors" signature="(Microsoft.Extensions.DependencyInjection.IServiceCollection,Microsoft.Extensions.Configuration.IConfiguration)" line-rate="0.9285714285714286" branch-rate="0.5" complexity="4">
              <lines>
                <line number="53" hits="40" branch="false" />
                <line number="55" hits="40" branch="true" condition-coverage="50% (4/8)" />
                <line number="57" hits="0" branch="false" />
                <line number="60" hits="40" branch="false" />
                <line number="61" hits="40" branch="false" />
                <line number="62" hits="40" branch="false" />
                <line number="63" hits="40" branch="false" />
                <line number="64" hits="40" branch="false" />
                <line number="65" hits="40" branch="false" />
                <line number="66" hits="40" branch="false" />
                <line number="67" hits="40" branch="false" />
                <line number="68" hits="40" branch="false" />
                <line number="69" hits="40" branch="false" />
                <line number="71" hits="40" branch="false" />
              </lines>
            </method>
            <method name="AddApi" signature="(Microsoft.Extensions.DependencyInjection.IServiceCollection,Microsoft.Extensions.Configuration.IConfiguration)" line-rate="1" branch-rate="1" complexity="1">
              <lines>
                <line number="14" hits="40" branch="false" />
                <line number="15" hits="40" branch="false" />
                <line number="16" hits="40" branch="false" />
                <line number="17" hits="40" branch="false" />
                <line number="18" hits="40" branch="false" />
                <line number="19" hits="40" branch="false" />
                <line number="21" hits="40" branch="false" />
              </lines>
            </method>
            <method name="AddErrorHandlers" signature="(Microsoft.Extensions.DependencyInjection.IServiceCollection)" line-rate="1" branch-rate="1" complexity="1">
              <lines>
                <line number="26" hits="40" branch="false" />
                <line number="27" hits="40" branch="false" />
                <line number="28" hits="40" branch="false" />
                <line number="29" hits="40" branch="false" />
                <line number="30" hits="40" branch="false" />
                <line number="31" hits="40" branch="false" />
              </lines>
            </method>
            <method name="AddSwagger" signature="(Microsoft.Extensions.DependencyInjection.IServiceCollection,Microsoft.Extensions.Configuration.IConfiguration)" line-rate="1" branch-rate="1" complexity="1">
              <lines>
                <line number="35" hits="40" branch="false" />
                <line number="36" hits="40" branch="false" />
                <line number="38" hits="40" branch="false" />
                <line number="39" hits="40" branch="false" />
                <line number="40" hits="40" branch="false" />
                <line number="41" hits="40" branch="false" />
                <line number="42" hits="40" branch="false" />
                <line number="43" hits="40" branch="false" />
                <line number="44" hits="40" branch="false" />
                <line number="45" hits="40" branch="false" />
                <line number="46" hits="40" branch="false" />
                <line number="47" hits="40" branch="false" />
                <line number="48" hits="40" branch="false" />
                <line number="49" hits="40" branch="false" />
              </lines>
            </method>
            <method name="AddCors" signature="(Microsoft.Extensions.DependencyInjection.IServiceCollection,Microsoft.Extensions.Configuration.IConfiguration)" line-rate="0.9285714285714286" branch-rate="0.5" complexity="4">
              <lines>
                <line number="53" hits="40" branch="false" />
                <line number="55" hits="40" branch="true" condition-coverage="50% (4/8)" />
                <line number="57" hits="0" branch="false" />
                <line number="60" hits="40" branch="false" />
                <line number="61" hits="40" branch="false" />
                <line number="62" hits="40" branch="false" />
                <line number="63" hits="40" branch="false" />
                <line number="64" hits="40" branch="false" />
                <line number="65" hits="40" branch="false" />
                <line number="66" hits="40" branch="false" />
                <line number="67" hits="40" branch="false" />
                <line number="68" hits="40" branch="false" />
                <line number="69" hits="40" branch="false" />
                <line number="71" hits="40" branch="false" />
              </lines>
            </method>
          </methods>
          <lines>
            <line number="14" hits="40" branch="false" />
            <line number="15" hits="40" branch="false" />
            <line number="16" hits="40" branch="false" />
            <line number="17" hits="40" branch="false" />
            <line number="18" hits="40" branch="false" />
            <line number="19" hits="40" branch="false" />
            <line number="21" hits="40" branch="false" />
            <line number="26" hits="40" branch="false" />
            <line number="27" hits="40" branch="false" />
            <line number="28" hits="40" branch="false" />
            <line number="29" hits="40" branch="false" />
            <line number="30" hits="40" branch="false" />
            <line number="31" hits="40" branch="false" />
            <line number="35" hits="40" branch="false" />
            <line number="36" hits="40" branch="false" />
            <line number="38" hits="40" branch="false" />
            <line number="39" hits="40" branch="false" />
            <line number="40" hits="40" branch="false" />
            <line number="41" hits="40" branch="false" />
            <line number="42" hits="40" branch="false" />
            <line number="43" hits="40" branch="false" />
            <line number="44" hits="40" branch="false" />
            <line number="45" hits="40" branch="false" />
            <line number="46" hits="40" branch="false" />
            <line number="47" hits="40" branch="false" />
            <line number="48" hits="40" branch="false" />
            <line number="49" hits="40" branch="false" />
            <line number="53" hits="40" branch="false" />
            <line number="55" hits="40" branch="true" condition-coverage="50% (4/8)" />
            <line number="57" hits="0" branch="false" />
            <line number="60" hits="40" branch="false" />
            <line number="61" hits="40" branch="false" />
            <line number="62" hits="40" branch="false" />
            <line number="63" hits="40" branch="false" />
            <line number="64" hits="40" branch="false" />
            <line number="65" hits="40" branch="false" />
            <line number="66" hits="40" branch="false" />
            <line number="67" hits="40" branch="false" />
            <line number="68" hits="40" branch="false" />
            <line number="69" hits="40" branch="false" />
            <line number="71" hits="40" branch="false" />
          </lines>
        </class>
        <class name="Ombor.API.Extensions.StartupExtensions" filename="/home/runner/work/Ombor.API/Ombor.API/src/Ombor.API/Extensions/StartupExtensions.cs" line-rate="1" branch-rate="1" complexity="2">
          <methods>
            <method name="UseStaticFiles" signature="(Microsoft.AspNetCore.Builder.WebApplication)" line-rate="1" branch-rate="1" complexity="1">
              <lines>
                <line number="26" hits="40" branch="false" />
                <line number="27" hits="40" branch="false" />
                <line number="29" hits="40" branch="false" />
                <line number="30" hits="40" branch="false" />
                <line number="31" hits="40" branch="false" />
                <line number="32" hits="40" branch="false" />
                <line number="33" hits="40" branch="false" />
                <line number="35" hits="40" branch="false" />
              </lines>
            </method>
            <method name="UseStaticFiles" signature="(Microsoft.AspNetCore.Builder.WebApplication)" line-rate="1" branch-rate="1" complexity="1">
              <lines>
                <line number="26" hits="40" branch="false" />
                <line number="27" hits="40" branch="false" />
                <line number="29" hits="40" branch="false" />
                <line number="30" hits="40" branch="false" />
                <line number="31" hits="40" branch="false" />
                <line number="32" hits="40" branch="false" />
                <line number="33" hits="40" branch="false" />
                <line number="35" hits="40" branch="false" />
              </lines>
            </method>
          </methods>
          <lines>
            <line number="26" hits="40" branch="false" />
            <line number="27" hits="40" branch="false" />
            <line number="29" hits="40" branch="false" />
            <line number="30" hits="40" branch="false" />
            <line number="31" hits="40" branch="false" />
            <line number="32" hits="40" branch="false" />
            <line number="33" hits="40" branch="false" />
            <line number="35" hits="40" branch="false" />
          </lines>
        </class>
      </classes>
    </package>
    <package name="Ombor.Application" line-rate="0.9965095986038395" branch-rate="0.9411764705882353" complexity="217">
      <classes>
        <class name="Ombor.Application.Extensions.DependencyInjection" filename="/home/runner/work/Ombor.API/Ombor.API/src/Ombor.Application/Extensions/DependencyInjection.cs" line-rate="1" branch-rate="1" complexity="5">
          <methods>
            <method name="get_CurrentAssembly" signature="()" line-rate="1" branch-rate="1" complexity="1">
              <lines>
                <line number="17" hits="40" branch="false" />
              </lines>
            </method>
            <method name="AddApplication" signature="(Microsoft.Extensions.DependencyInjection.IServiceCollection,Microsoft.Extensions.Configuration.IConfiguration)" line-rate="1" branch-rate="1" complexity="1">
              <lines>
                <line number="27" hits="40" branch="false" />
                <line number="28" hits="40" branch="false" />
                <line number="30" hits="40" branch="false" />
                <line number="31" hits="40" branch="false" />
                <line number="32" hits="40" branch="false" />
                <line number="33" hits="40" branch="false" />
                <line number="34" hits="40" branch="false" />
                <line number="36" hits="40" branch="false" />
                <line number="38" hits="40" branch="false" />
              </lines>
            </method>
            <method name="AddConfigurations" signature="(Microsoft.Extensions.DependencyInjection.IServiceCollection,Microsoft.Extensions.Configuration.IConfiguration)" line-rate="1" branch-rate="1" complexity="1">
              <lines>
                <line number="43" hits="40" branch="false" />
                <line number="44" hits="40" branch="false" />
                <line number="45" hits="40" branch="false" />
                <line number="46" hits="40" branch="false" />
                <line number="48" hits="40" branch="false" />
              </lines>
            </method>
            <method name="CurrentAssembly" signature="()" line-rate="1" branch-rate="1" complexity="NaN">
              <lines>
                <line number="17" hits="40" branch="false" />
              </lines>
            </method>
            <method name="AddApplication" signature="(Microsoft.Extensions.DependencyInjection.IServiceCollection,Microsoft.Extensions.Configuration.IConfiguration)" line-rate="1" branch-rate="1" complexity="1">
              <lines>
                <line number="27" hits="40" branch="false" />
                <line number="28" hits="40" branch="false" />
                <line number="30" hits="40" branch="false" />
                <line number="31" hits="40" branch="false" />
                <line number="32" hits="40" branch="false" />
                <line number="33" hits="40" branch="false" />
                <line number="34" hits="40" branch="false" />
                <line number="36" hits="40" branch="false" />
                <line number="38" hits="40" branch="false" />
              </lines>
            </method>
            <method name="AddConfigurations" signature="(Microsoft.Extensions.DependencyInjection.IServiceCollection,Microsoft.Extensions.Configuration.IConfiguration)" line-rate="1" branch-rate="1" complexity="1">
              <lines>
                <line number="43" hits="40" branch="false" />
                <line number="44" hits="40" branch="false" />
                <line number="45" hits="40" branch="false" />
                <line number="46" hits="40" branch="false" />
                <line number="48" hits="40" branch="false" />
              </lines>
            </method>
          </methods>
          <lines>
            <line number="17" hits="40" branch="false" />
            <line number="27" hits="40" branch="false" />
            <line number="28" hits="40" branch="false" />
            <line number="30" hits="40" branch="false" />
            <line number="31" hits="40" branch="false" />
            <line number="32" hits="40" branch="false" />
            <line number="33" hits="40" branch="false" />
            <line number="34" hits="40" branch="false" />
            <line number="36" hits="40" branch="false" />
            <line number="38" hits="40" branch="false" />
            <line number="43" hits="40" branch="false" />
            <line number="44" hits="40" branch="false" />
            <line number="45" hits="40" branch="false" />
            <line number="46" hits="40" branch="false" />
            <line number="48" hits="40" branch="false" />
          </lines>
        </class>
        <class name="Ombor.Application.Extensions.FormFileExtensions" filename="/home/runner/work/Ombor.API/Ombor.API/src/Ombor.Application/Extensions/FormFileExtensions.cs" line-rate="1" branch-rate="1" complexity="2">
          <methods>
            <method name="GetNormalizedFileExtension" signature="(Microsoft.AspNetCore.Http.IFormFile)" line-rate="1" branch-rate="1" complexity="1">
              <lines>
                <line number="9" hits="46" branch="false" />
                <line number="10" hits="46" branch="false" />
                <line number="12" hits="46" branch="false" />
                <line number="14" hits="46" branch="false" />
              </lines>
            </method>
            <method name="GetNormalizedFileExtension" signature="(Microsoft.AspNetCore.Http.IFormFile)" line-rate="1" branch-rate="1" complexity="1">
              <lines>
                <line number="9" hits="46" branch="false" />
                <line number="10" hits="46" branch="false" />
                <line number="12" hits="46" branch="false" />
                <line number="14" hits="46" branch="false" />
              </lines>
            </method>
          </methods>
          <lines>
            <line number="9" hits="46" branch="false" />
            <line number="10" hits="46" branch="false" />
            <line number="12" hits="46" branch="false" />
            <line number="14" hits="46" branch="false" />
          </lines>
        </class>
        <class name="Ombor.Application.Helpers.ImageHelper" filename="/home/runner/work/Ombor.API/Ombor.API/src/Ombor.Application/Helpers/ImageHelper.cs" line-rate="1" branch-rate="1" complexity="20">
          <methods>
            <method name="GetThumbnailFormat" signature="(System.String)" line-rate="1" branch-rate="1" complexity="10">
              <lines>
                <line number="9" hits="104" branch="false" />
                <line number="11" hits="96" branch="true" condition-coverage="100% (20/20)" />
                <line number="12" hits="96" branch="false" />
                <line number="13" hits="6" branch="false" />
                <line number="14" hits="76" branch="false" />
                <line number="15" hits="4" branch="false" />
                <line number="16" hits="4" branch="false" />
                <line number="17" hits="6" branch="false" />
                <line number="18" hits="96" branch="false" />
              </lines>
            </method>
            <method name="GetThumbnailFormat" signature="(System.String)" line-rate="1" branch-rate="1" complexity="10">
              <lines>
                <line number="9" hits="104" branch="false" />
                <line number="11" hits="96" branch="true" condition-coverage="100% (20/20)" />
                <line number="12" hits="96" branch="false" />
                <line number="13" hits="6" branch="false" />
                <line number="14" hits="76" branch="false" />
                <line number="15" hits="4" branch="false" />
                <line number="16" hits="4" branch="false" />
                <line number="17" hits="6" branch="false" />
                <line number="18" hits="96" branch="false" />
              </lines>
            </method>
          </methods>
          <lines>
            <line number="9" hits="104" branch="false" />
            <line number="11" hits="96" branch="true" condition-coverage="100% (20/20)" />
            <line number="12" hits="96" branch="false" />
            <line number="13" hits="6" branch="false" />
            <line number="14" hits="76" branch="false" />
            <line number="15" hits="4" branch="false" />
            <line number="16" hits="4" branch="false" />
            <line number="17" hits="6" branch="false" />
            <line number="18" hits="96" branch="false" />
          </lines>
        </class>
        <class name="Ombor.Application.Mappings.CategoryMappings" filename="/home/runner/work/Ombor.API/Ombor.API/src/Ombor.Application/Mappings/CategoryMappings.cs" line-rate="1" branch-rate="1" complexity="10">
          <methods>
            <method name="ToDto" signature="(Ombor.Domain.Entities.Category)" line-rate="1" branch-rate="1" complexity="1">
              <lines>
                <line number="10" hits="6" branch="false" />
                <line number="11" hits="6" branch="false" />
                <line number="12" hits="6" branch="false" />
              </lines>
            </method>
            <method name="ToEntity" signature="(Ombor.Contracts.Requests.Category.CreateCategoryRequest)" line-rate="1" branch-rate="1" complexity="1">
              <lines>
                <line number="15" hits="6" branch="false" />
                <line number="16" hits="6" branch="false" />
                <line number="17" hits="6" branch="false" />
                <line number="18" hits="6" branch="false" />
                <line number="19" hits="6" branch="false" />
              </lines>
            </method>
            <method name="ToCreateResponse" signature="(Ombor.Domain.Entities.Category)" line-rate="1" branch-rate="1" complexity="1">
              <lines>
                <line number="22" hits="6" branch="false" />
                <line number="23" hits="6" branch="false" />
                <line number="24" hits="6" branch="false" />
              </lines>
            </method>
            <method name="ToUpdateResponse" signature="(Ombor.Domain.Entities.Category)" line-rate="1" branch-rate="1" complexity="1">
              <lines>
                <line number="27" hits="6" branch="false" />
                <line number="28" hits="6" branch="false" />
                <line number="29" hits="6" branch="false" />
              </lines>
            </method>
            <method name="ApplyUpdate" signature="(Ombor.Domain.Entities.Category,Ombor.Contracts.Requests.Category.UpdateCategoryRequest)" line-rate="1" branch-rate="1" complexity="1">
              <lines>
                <line number="33" hits="6" branch="false" />
                <line number="34" hits="6" branch="false" />
                <line number="35" hits="6" branch="false" />
              </lines>
            </method>
            <method name="ToDto" signature="(Ombor.Domain.Entities.Category)" line-rate="1" branch-rate="1" complexity="1">
              <lines>
                <line number="10" hits="6" branch="false" />
                <line number="11" hits="6" branch="false" />
                <line number="12" hits="6" branch="false" />
              </lines>
            </method>
            <method name="ToEntity" signature="(Ombor.Contracts.Requests.Category.CreateCategoryRequest)" line-rate="1" branch-rate="1" complexity="1">
              <lines>
                <line number="15" hits="6" branch="false" />
                <line number="16" hits="6" branch="false" />
                <line number="17" hits="6" branch="false" />
                <line number="18" hits="6" branch="false" />
                <line number="19" hits="6" branch="false" />
              </lines>
            </method>
            <method name="ToCreateResponse" signature="(Ombor.Domain.Entities.Category)" line-rate="1" branch-rate="1" complexity="1">
              <lines>
                <line number="22" hits="6" branch="false" />
                <line number="23" hits="6" branch="false" />
                <line number="24" hits="6" branch="false" />
              </lines>
            </method>
            <method name="ToUpdateResponse" signature="(Ombor.Domain.Entities.Category)" line-rate="1" branch-rate="1" complexity="1">
              <lines>
                <line number="27" hits="6" branch="false" />
                <line number="28" hits="6" branch="false" />
                <line number="29" hits="6" branch="false" />
              </lines>
            </method>
            <method name="ApplyUpdate" signature="(Ombor.Domain.Entities.Category,Ombor.Contracts.Requests.Category.UpdateCategoryRequest)" line-rate="1" branch-rate="1" complexity="1">
              <lines>
                <line number="33" hits="6" branch="false" />
                <line number="34" hits="6" branch="false" />
                <line number="35" hits="6" branch="false" />
              </lines>
            </method>
          </methods>
          <lines>
            <line number="10" hits="6" branch="false" />
            <line number="11" hits="6" branch="false" />
            <line number="12" hits="6" branch="false" />
            <line number="15" hits="6" branch="false" />
            <line number="16" hits="6" branch="false" />
            <line number="17" hits="6" branch="false" />
            <line number="18" hits="6" branch="false" />
            <line number="19" hits="6" branch="false" />
            <line number="22" hits="6" branch="false" />
            <line number="23" hits="6" branch="false" />
            <line number="24" hits="6" branch="false" />
            <line number="27" hits="6" branch="false" />
            <line number="28" hits="6" branch="false" />
            <line number="29" hits="6" branch="false" />
            <line number="33" hits="6" branch="false" />
            <line number="34" hits="6" branch="false" />
            <line number="35" hits="6" branch="false" />
          </lines>
        </class>
        <class name="Ombor.Application.Mappings.PartnerMappings" filename="/home/runner/work/Ombor.API/Ombor.API/src/Ombor.Application/Mappings/SupplierMappings.cs" line-rate="1" branch-rate="1" complexity="10">
          <methods>
            <method name="ToDto" signature="(Ombor.Domain.Entities.Partner)" line-rate="1" branch-rate="1" complexity="1">
              <lines>
                <line number="11" hits="6" branch="false" />
                <line number="12" hits="6" branch="false" />
                <line number="13" hits="6" branch="false" />
                <line number="14" hits="6" branch="false" />
                <line number="15" hits="6" branch="false" />
                <line number="16" hits="6" branch="false" />
                <line number="17" hits="6" branch="false" />
                <line number="18" hits="6" branch="false" />
              </lines>
            </method>
            <method name="ToEntity" signature="(Ombor.Contracts.Requests.Partner.CreatePartnerRequest)" line-rate="1" branch-rate="1" complexity="1">
              <lines>
                <line number="21" hits="6" branch="false" />
                <line number="22" hits="6" branch="false" />
                <line number="23" hits="6" branch="false" />
                <line number="24" hits="6" branch="false" />
                <line number="25" hits="6" branch="false" />
                <line number="26" hits="6" branch="false" />
                <line number="27" hits="6" branch="false" />
                <line number="28" hits="6" branch="false" />
                <line number="29" hits="6" branch="false" />
                <line number="30" hits="6" branch="false" />
              </lines>
            </method>
            <method name="ToCreateResponse" signature="(Ombor.Domain.Entities.Partner)" line-rate="1" branch-rate="1" complexity="1">
              <lines>
                <line number="33" hits="6" branch="false" />
                <line number="34" hits="6" branch="false" />
                <line number="35" hits="6" branch="false" />
                <line number="36" hits="6" branch="false" />
                <line number="37" hits="6" branch="false" />
                <line number="38" hits="6" branch="false" />
                <line number="39" hits="6" branch="false" />
                <line number="40" hits="6" branch="false" />
              </lines>
            </method>
            <method name="ToUpdateResponse" signature="(Ombor.Domain.Entities.Partner)" line-rate="1" branch-rate="1" complexity="1">
              <lines>
                <line number="43" hits="6" branch="false" />
                <line number="44" hits="6" branch="false" />
                <line number="45" hits="6" branch="false" />
                <line number="46" hits="6" branch="false" />
                <line number="47" hits="6" branch="false" />
                <line number="48" hits="6" branch="false" />
                <line number="49" hits="6" branch="false" />
                <line number="50" hits="6" branch="false" />
              </lines>
            </method>
            <method name="ApplyUpdate" signature="(Ombor.Domain.Entities.Partner,Ombor.Contracts.Requests.Partner.UpdatePartnerRequest)" line-rate="1" branch-rate="1" complexity="1">
              <lines>
                <line number="54" hits="6" branch="false" />
                <line number="55" hits="6" branch="false" />
                <line number="56" hits="6" branch="false" />
                <line number="57" hits="6" branch="false" />
                <line number="58" hits="6" branch="false" />
                <line number="59" hits="6" branch="false" />
                <line number="60" hits="6" branch="false" />
                <line number="61" hits="6" branch="false" />
              </lines>
            </method>
            <method name="ToDto" signature="(Ombor.Domain.Entities.Partner)" line-rate="1" branch-rate="1" complexity="1">
              <lines>
                <line number="11" hits="6" branch="false" />
                <line number="12" hits="6" branch="false" />
                <line number="13" hits="6" branch="false" />
                <line number="14" hits="6" branch="false" />
                <line number="15" hits="6" branch="false" />
                <line number="16" hits="6" branch="false" />
                <line number="17" hits="6" branch="false" />
                <line number="18" hits="6" branch="false" />
              </lines>
            </method>
            <method name="ToEntity" signature="(Ombor.Contracts.Requests.Partner.CreatePartnerRequest)" line-rate="1" branch-rate="1" complexity="1">
              <lines>
                <line number="21" hits="6" branch="false" />
                <line number="22" hits="6" branch="false" />
                <line number="23" hits="6" branch="false" />
                <line number="24" hits="6" branch="false" />
                <line number="25" hits="6" branch="false" />
                <line number="26" hits="6" branch="false" />
                <line number="27" hits="6" branch="false" />
                <line number="28" hits="6" branch="false" />
                <line number="29" hits="6" branch="false" />
                <line number="30" hits="6" branch="false" />
              </lines>
            </method>
            <method name="ToCreateResponse" signature="(Ombor.Domain.Entities.Partner)" line-rate="1" branch-rate="1" complexity="1">
              <lines>
                <line number="33" hits="6" branch="false" />
                <line number="34" hits="6" branch="false" />
                <line number="35" hits="6" branch="false" />
                <line number="36" hits="6" branch="false" />
                <line number="37" hits="6" branch="false" />
                <line number="38" hits="6" branch="false" />
                <line number="39" hits="6" branch="false" />
                <line number="40" hits="6" branch="false" />
              </lines>
            </method>
            <method name="ToUpdateResponse" signature="(Ombor.Domain.Entities.Partner)" line-rate="1" branch-rate="1" complexity="1">
              <lines>
                <line number="43" hits="6" branch="false" />
                <line number="44" hits="6" branch="false" />
                <line number="45" hits="6" branch="false" />
                <line number="46" hits="6" branch="false" />
                <line number="47" hits="6" branch="false" />
                <line number="48" hits="6" branch="false" />
                <line number="49" hits="6" branch="false" />
                <line number="50" hits="6" branch="false" />
              </lines>
            </method>
            <method name="ApplyUpdate" signature="(Ombor.Domain.Entities.Partner,Ombor.Contracts.Requests.Partner.UpdatePartnerRequest)" line-rate="1" branch-rate="1" complexity="1">
              <lines>
                <line number="54" hits="6" branch="false" />
                <line number="55" hits="6" branch="false" />
                <line number="56" hits="6" branch="false" />
                <line number="57" hits="6" branch="false" />
                <line number="58" hits="6" branch="false" />
                <line number="59" hits="6" branch="false" />
                <line number="60" hits="6" branch="false" />
                <line number="61" hits="6" branch="false" />
              </lines>
            </method>
          </methods>
          <lines>
            <line number="11" hits="6" branch="false" />
            <line number="12" hits="6" branch="false" />
            <line number="13" hits="6" branch="false" />
            <line number="14" hits="6" branch="false" />
            <line number="15" hits="6" branch="false" />
            <line number="16" hits="6" branch="false" />
            <line number="17" hits="6" branch="false" />
            <line number="18" hits="6" branch="false" />
            <line number="21" hits="6" branch="false" />
            <line number="22" hits="6" branch="false" />
            <line number="23" hits="6" branch="false" />
            <line number="24" hits="6" branch="false" />
            <line number="25" hits="6" branch="false" />
            <line number="26" hits="6" branch="false" />
            <line number="27" hits="6" branch="false" />
            <line number="28" hits="6" branch="false" />
            <line number="29" hits="6" branch="false" />
            <line number="30" hits="6" branch="false" />
            <line number="33" hits="6" branch="false" />
            <line number="34" hits="6" branch="false" />
            <line number="35" hits="6" branch="false" />
            <line number="36" hits="6" branch="false" />
            <line number="37" hits="6" branch="false" />
            <line number="38" hits="6" branch="false" />
            <line number="39" hits="6" branch="false" />
            <line number="40" hits="6" branch="false" />
            <line number="43" hits="6" branch="false" />
            <line number="44" hits="6" branch="false" />
            <line number="45" hits="6" branch="false" />
            <line number="46" hits="6" branch="false" />
            <line number="47" hits="6" branch="false" />
            <line number="48" hits="6" branch="false" />
            <line number="49" hits="6" branch="false" />
            <line number="50" hits="6" branch="false" />
            <line number="54" hits="6" branch="false" />
            <line number="55" hits="6" branch="false" />
            <line number="56" hits="6" branch="false" />
            <line number="57" hits="6" branch="false" />
            <line number="58" hits="6" branch="false" />
            <line number="59" hits="6" branch="false" />
            <line number="60" hits="6" branch="false" />
            <line number="61" hits="6" branch="false" />
          </lines>
        </class>
        <class name="Ombor.Application.Mappings.ProductImageMappings" filename="/home/runner/work/Ombor.API/Ombor.API/src/Ombor.Application/Mappings/ProductImageMappings.cs" line-rate="1" branch-rate="1" complexity="6">
          <methods>
            <method name="ToDto" signature="(System.Collections.Generic.IEnumerable`1&lt;Ombor.Domain.Entities.ProductImage&gt;)" line-rate="1" branch-rate="1" complexity="2">
              <lines>
                <line number="9" hits="10" branch="true" condition-coverage="100% (4/4)" />
              </lines>
            </method>
            <method name="ToDto" signature="(Ombor.Domain.Entities.ProductImage)" line-rate="1" branch-rate="1" complexity="1">
              <lines>
                <line number="12" hits="260" branch="false" />
                <line number="13" hits="260" branch="false" />
                <line number="14" hits="260" branch="false" />
                <line number="15" hits="260" branch="false" />
                <line number="16" hits="260" branch="false" />
              </lines>
            </method>
            <method name="ToDto" signature="(System.Collections.Generic.IEnumerable`1&lt;Ombor.Domain.Entities.ProductImage&gt;)" line-rate="1" branch-rate="1" complexity="2">
              <lines>
                <line number="9" hits="10" branch="true" condition-coverage="100% (4/4)" />
              </lines>
            </method>
            <method name="ToDto" signature="(Ombor.Domain.Entities.ProductImage)" line-rate="1" branch-rate="1" complexity="1">
              <lines>
                <line number="12" hits="260" branch="false" />
                <line number="13" hits="260" branch="false" />
                <line number="14" hits="260" branch="false" />
                <line number="15" hits="260" branch="false" />
                <line number="16" hits="260" branch="false" />
              </lines>
            </method>
          </methods>
          <lines>
            <line number="9" hits="10" branch="true" condition-coverage="100% (4/4)" />
            <line number="12" hits="260" branch="false" />
            <line number="13" hits="260" branch="false" />
            <line number="14" hits="260" branch="false" />
            <line number="15" hits="260" branch="false" />
            <line number="16" hits="260" branch="false" />
          </lines>
        </class>
        <class name="Ombor.Application.Mappings.ProductMappings" filename="/home/runner/work/Ombor.API/Ombor.API/src/Ombor.Application/Mappings/ProductMappings.cs" line-rate="1" branch-rate="1" complexity="18">
          <methods>
            <method name="ToDto" signature="(Ombor.Domain.Entities.Product)" line-rate="1" branch-rate="1" complexity="2">
              <lines>
                <line number="11" hits="72" branch="true" condition-coverage="100% (4/4)" />
                <line number="13" hits="2" branch="false" />
                <line number="16" hits="70" branch="false" />
                <line number="17" hits="70" branch="false" />
                <line number="18" hits="70" branch="false" />
                <line number="20" hits="70" branch="false" />
                <line number="21" hits="70" branch="false" />
                <line number="22" hits="70" branch="false" />
                <line number="23" hits="70" branch="false" />
                <line number="24" hits="70" branch="false" />
                <line number="25" hits="70" branch="false" />
                <line number="26" hits="70" branch="false" />
                <line number="27" hits="70" branch="false" />
                <line number="28" hits="70" branch="false" />
                <line number="29" hits="70" branch="false" />
                <line number="30" hits="70" branch="false" />
                <line number="31" hits="70" branch="false" />
                <line number="32" hits="70" branch="false" />
                <line number="33" hits="70" branch="false" />
                <line number="34" hits="70" branch="false" />
                <line number="35" hits="70" branch="false" />
                <line number="36" hits="70" branch="false" />
              </lines>
            </method>
            <method name="ToEntity" signature="(Ombor.Contracts.Requests.Product.CreateProductRequest)" line-rate="1" branch-rate="1" complexity="1">
              <lines>
                <line number="41" hits="10" branch="false" />
                <line number="42" hits="10" branch="false" />
                <line number="43" hits="10" branch="false" />
                <line number="44" hits="10" branch="false" />
                <line number="45" hits="10" branch="false" />
                <line number="46" hits="10" branch="false" />
                <line number="47" hits="10" branch="false" />
                <line number="48" hits="10" branch="false" />
                <line number="49" hits="10" branch="false" />
                <line number="50" hits="10" branch="false" />
                <line number="51" hits="10" branch="false" />
                <line number="52" hits="10" branch="false" />
                <line number="53" hits="10" branch="false" />
                <line number="54" hits="10" branch="false" />
                <line number="55" hits="10" branch="false" />
                <line number="56" hits="10" branch="false" />
              </lines>
            </method>
            <method name="ToCreateResponse" signature="(Ombor.Domain.Entities.Product)" line-rate="1" branch-rate="1" complexity="2">
              <lines>
                <line number="61" hits="12" branch="true" condition-coverage="100% (4/4)" />
                <line number="63" hits="2" branch="false" />
                <line number="66" hits="10" branch="false" />
                <line number="67" hits="10" branch="false" />
                <line number="68" hits="10" branch="false" />
                <line number="69" hits="10" branch="false" />
                <line number="70" hits="10" branch="false" />
                <line number="71" hits="10" branch="false" />
                <line number="72" hits="10" branch="false" />
                <line number="73" hits="10" branch="false" />
                <line number="74" hits="10" branch="false" />
                <line number="75" hits="10" branch="false" />
                <line number="76" hits="10" branch="false" />
                <line number="77" hits="10" branch="false" />
                <line number="78" hits="10" branch="false" />
                <line number="79" hits="10" branch="false" />
                <line number="80" hits="10" branch="false" />
                <line number="81" hits="10" branch="false" />
                <line number="82" hits="10" branch="false" />
              </lines>
            </method>
            <method name="ToUpdateResponse" signature="(Ombor.Domain.Entities.Product)" line-rate="1" branch-rate="1" complexity="2">
              <lines>
                <line number="87" hits="10" branch="true" condition-coverage="100% (4/4)" />
                <line number="89" hits="2" branch="false" />
                <line number="92" hits="8" branch="false" />
                <line number="93" hits="8" branch="false" />
                <line number="94" hits="8" branch="false" />
                <line number="95" hits="8" branch="false" />
                <line number="96" hits="8" branch="false" />
                <line number="97" hits="8" branch="false" />
                <line number="98" hits="8" branch="false" />
                <line number="99" hits="8" branch="false" />
                <line number="100" hits="8" branch="false" />
                <line number="101" hits="8" branch="false" />
                <line number="102" hits="8" branch="false" />
                <line number="103" hits="8" branch="false" />
                <line number="104" hits="8" branch="false" />
                <line number="105" hits="8" branch="false" />
                <line number="106" hits="8" branch="false" />
                <line number="107" hits="8" branch="false" />
              </lines>
            </method>
            <method name="ApplyUpdate" signature="(Ombor.Domain.Entities.Product,Ombor.Contracts.Requests.Product.UpdateProductRequest)" line-rate="1" branch-rate="1" complexity="1">
              <lines>
                <line number="112" hits="8" branch="false" />
                <line number="113" hits="8" branch="false" />
                <line number="114" hits="8" branch="false" />
                <line number="115" hits="8" branch="false" />
                <line number="116" hits="8" branch="false" />
                <line number="117" hits="8" branch="false" />
                <line number="118" hits="8" branch="false" />
                <line number="119" hits="8" branch="false" />
                <line number="120" hits="8" branch="false" />
                <line number="121" hits="8" branch="false" />
                <line number="122" hits="8" branch="false" />
                <line number="123" hits="8" branch="false" />
                <line number="124" hits="8" branch="false" />
              </lines>
            </method>
            <method name="ToDomain" signature="(Ombor.Contracts.Enums.ProductType)" line-rate="1" branch-rate="1" complexity="1">
              <lines>
                <line number="127" hits="2" branch="false" />
              </lines>
            </method>
            <method name="ToDto" signature="(Ombor.Domain.Entities.Product)" line-rate="1" branch-rate="1" complexity="2">
              <lines>
                <line number="11" hits="72" branch="true" condition-coverage="100% (4/4)" />
                <line number="13" hits="2" branch="false" />
                <line number="16" hits="70" branch="false" />
                <line number="17" hits="70" branch="false" />
                <line number="18" hits="70" branch="false" />
                <line number="20" hits="70" branch="false" />
                <line number="21" hits="70" branch="false" />
                <line number="22" hits="70" branch="false" />
                <line number="23" hits="70" branch="false" />
                <line number="24" hits="70" branch="false" />
                <line number="25" hits="70" branch="false" />
                <line number="26" hits="70" branch="false" />
                <line number="27" hits="70" branch="false" />
                <line number="28" hits="70" branch="false" />
                <line number="29" hits="70" branch="false" />
                <line number="30" hits="70" branch="false" />
                <line number="31" hits="70" branch="false" />
                <line number="32" hits="70" branch="false" />
                <line number="33" hits="70" branch="false" />
                <line number="34" hits="70" branch="false" />
                <line number="35" hits="70" branch="false" />
                <line number="36" hits="70" branch="false" />
              </lines>
            </method>
            <method name="ToEntity" signature="(Ombor.Contracts.Requests.Product.CreateProductRequest)" line-rate="1" branch-rate="1" complexity="1">
              <lines>
                <line number="41" hits="10" branch="false" />
                <line number="42" hits="10" branch="false" />
                <line number="43" hits="10" branch="false" />
                <line number="44" hits="10" branch="false" />
                <line number="45" hits="10" branch="false" />
                <line number="46" hits="10" branch="false" />
                <line number="47" hits="10" branch="false" />
                <line number="48" hits="10" branch="false" />
                <line number="49" hits="10" branch="false" />
                <line number="50" hits="10" branch="false" />
                <line number="51" hits="10" branch="false" />
                <line number="52" hits="10" branch="false" />
                <line number="53" hits="10" branch="false" />
                <line number="54" hits="10" branch="false" />
                <line number="55" hits="10" branch="false" />
                <line number="56" hits="10" branch="false" />
              </lines>
            </method>
            <method name="ToCreateResponse" signature="(Ombor.Domain.Entities.Product)" line-rate="1" branch-rate="1" complexity="2">
              <lines>
                <line number="61" hits="12" branch="true" condition-coverage="100% (4/4)" />
                <line number="63" hits="2" branch="false" />
                <line number="66" hits="10" branch="false" />
                <line number="67" hits="10" branch="false" />
                <line number="68" hits="10" branch="false" />
                <line number="69" hits="10" branch="false" />
                <line number="70" hits="10" branch="false" />
                <line number="71" hits="10" branch="false" />
                <line number="72" hits="10" branch="false" />
                <line number="73" hits="10" branch="false" />
                <line number="74" hits="10" branch="false" />
                <line number="75" hits="10" branch="false" />
                <line number="76" hits="10" branch="false" />
                <line number="77" hits="10" branch="false" />
                <line number="78" hits="10" branch="false" />
                <line number="79" hits="10" branch="false" />
                <line number="80" hits="10" branch="false" />
                <line number="81" hits="10" branch="false" />
                <line number="82" hits="10" branch="false" />
              </lines>
            </method>
            <method name="ToUpdateResponse" signature="(Ombor.Domain.Entities.Product)" line-rate="1" branch-rate="1" complexity="2">
              <lines>
                <line number="87" hits="10" branch="true" condition-coverage="100% (4/4)" />
                <line number="89" hits="2" branch="false" />
                <line number="92" hits="8" branch="false" />
                <line number="93" hits="8" branch="false" />
                <line number="94" hits="8" branch="false" />
                <line number="95" hits="8" branch="false" />
                <line number="96" hits="8" branch="false" />
                <line number="97" hits="8" branch="false" />
                <line number="98" hits="8" branch="false" />
                <line number="99" hits="8" branch="false" />
                <line number="100" hits="8" branch="false" />
                <line number="101" hits="8" branch="false" />
                <line number="102" hits="8" branch="false" />
                <line number="103" hits="8" branch="false" />
                <line number="104" hits="8" branch="false" />
                <line number="105" hits="8" branch="false" />
                <line number="106" hits="8" branch="false" />
                <line number="107" hits="8" branch="false" />
              </lines>
            </method>
            <method name="ApplyUpdate" signature="(Ombor.Domain.Entities.Product,Ombor.Contracts.Requests.Product.UpdateProductRequest)" line-rate="1" branch-rate="1" complexity="1">
              <lines>
                <line number="112" hits="8" branch="false" />
                <line number="113" hits="8" branch="false" />
                <line number="114" hits="8" branch="false" />
                <line number="115" hits="8" branch="false" />
                <line number="116" hits="8" branch="false" />
                <line number="117" hits="8" branch="false" />
                <line number="118" hits="8" branch="false" />
                <line number="119" hits="8" branch="false" />
                <line number="120" hits="8" branch="false" />
                <line number="121" hits="8" branch="false" />
                <line number="122" hits="8" branch="false" />
                <line number="123" hits="8" branch="false" />
                <line number="124" hits="8" branch="false" />
              </lines>
            </method>
            <method name="ToDomain" signature="(Ombor.Contracts.Enums.ProductType)" line-rate="1" branch-rate="1" complexity="1">
              <lines>
                <line number="127" hits="2" branch="false" />
              </lines>
            </method>
          </methods>
          <lines>
            <line number="11" hits="72" branch="true" condition-coverage="100% (4/4)" />
            <line number="13" hits="2" branch="false" />
            <line number="16" hits="70" branch="false" />
            <line number="17" hits="70" branch="false" />
            <line number="18" hits="70" branch="false" />
            <line number="20" hits="70" branch="false" />
            <line number="21" hits="70" branch="false" />
            <line number="22" hits="70" branch="false" />
            <line number="23" hits="70" branch="false" />
            <line number="24" hits="70" branch="false" />
            <line number="25" hits="70" branch="false" />
            <line number="26" hits="70" branch="false" />
            <line number="27" hits="70" branch="false" />
            <line number="28" hits="70" branch="false" />
            <line number="29" hits="70" branch="false" />
            <line number="30" hits="70" branch="false" />
            <line number="31" hits="70" branch="false" />
            <line number="32" hits="70" branch="false" />
            <line number="33" hits="70" branch="false" />
            <line number="34" hits="70" branch="false" />
            <line number="35" hits="70" branch="false" />
            <line number="36" hits="70" branch="false" />
            <line number="41" hits="10" branch="false" />
            <line number="42" hits="10" branch="false" />
            <line number="43" hits="10" branch="false" />
            <line number="44" hits="10" branch="false" />
            <line number="45" hits="10" branch="false" />
            <line number="46" hits="10" branch="false" />
            <line number="47" hits="10" branch="false" />
            <line number="48" hits="10" branch="false" />
            <line number="49" hits="10" branch="false" />
            <line number="50" hits="10" branch="false" />
            <line number="51" hits="10" branch="false" />
            <line number="52" hits="10" branch="false" />
            <line number="53" hits="10" branch="false" />
            <line number="54" hits="10" branch="false" />
            <line number="55" hits="10" branch="false" />
            <line number="56" hits="10" branch="false" />
            <line number="61" hits="12" branch="true" condition-coverage="100% (4/4)" />
            <line number="63" hits="2" branch="false" />
            <line number="66" hits="10" branch="false" />
            <line number="67" hits="10" branch="false" />
            <line number="68" hits="10" branch="false" />
            <line number="69" hits="10" branch="false" />
            <line number="70" hits="10" branch="false" />
            <line number="71" hits="10" branch="false" />
            <line number="72" hits="10" branch="false" />
            <line number="73" hits="10" branch="false" />
            <line number="74" hits="10" branch="false" />
            <line number="75" hits="10" branch="false" />
            <line number="76" hits="10" branch="false" />
            <line number="77" hits="10" branch="false" />
            <line number="78" hits="10" branch="false" />
            <line number="79" hits="10" branch="false" />
            <line number="80" hits="10" branch="false" />
            <line number="81" hits="10" branch="false" />
            <line number="82" hits="10" branch="false" />
            <line number="87" hits="10" branch="true" condition-coverage="100% (4/4)" />
            <line number="89" hits="2" branch="false" />
            <line number="92" hits="8" branch="false" />
            <line number="93" hits="8" branch="false" />
            <line number="94" hits="8" branch="false" />
            <line number="95" hits="8" branch="false" />
            <line number="96" hits="8" branch="false" />
            <line number="97" hits="8" branch="false" />
            <line number="98" hits="8" branch="false" />
            <line number="99" hits="8" branch="false" />
            <line number="100" hits="8" branch="false" />
            <line number="101" hits="8" branch="false" />
            <line number="102" hits="8" branch="false" />
            <line number="103" hits="8" branch="false" />
            <line number="104" hits="8" branch="false" />
            <line number="105" hits="8" branch="false" />
            <line number="106" hits="8" branch="false" />
            <line number="107" hits="8" branch="false" />
            <line number="112" hits="8" branch="false" />
            <line number="113" hits="8" branch="false" />
            <line number="114" hits="8" branch="false" />
            <line number="115" hits="8" branch="false" />
            <line number="116" hits="8" branch="false" />
            <line number="117" hits="8" branch="false" />
            <line number="118" hits="8" branch="false" />
            <line number="119" hits="8" branch="false" />
            <line number="120" hits="8" branch="false" />
            <line number="121" hits="8" branch="false" />
            <line number="122" hits="8" branch="false" />
            <line number="123" hits="8" branch="false" />
            <line number="124" hits="8" branch="false" />
            <line number="127" hits="2" branch="false" />
          </lines>
        </class>
        <class name="Ombor.Application.Mappings.TemplateMappings" filename="/home/runner/work/Ombor.API/Ombor.API/src/Ombor.Application/Mappings/TemplateMappings.cs" line-rate="0.9726027397260274" branch-rate="0.7142857142857143" complexity="34">
          <methods>
            <method name="ToDto" signature="(Ombor.Domain.Entities.Template)" line-rate="1" branch-rate="0.5" complexity="2">
              <lines>
                <line number="12" hits="50" branch="true" condition-coverage="50% (2/4)" />
                <line number="13" hits="50" branch="false" />
                <line number="14" hits="50" branch="false" />
                <line number="16" hits="50" branch="false" />
                <line number="17" hits="50" branch="false" />
                <line number="18" hits="50" branch="false" />
                <line number="19" hits="50" branch="false" />
                <line number="20" hits="50" branch="false" />
              </lines>
            </method>
            <method name="ToCreateResponse" signature="(Ombor.Domain.Entities.Template)" line-rate="1" branch-rate="1" complexity="2">
              <lines>
                <line number="25" hits="2" branch="true" condition-coverage="100% (4/4)" />
                <line number="26" hits="2" branch="false" />
                <line number="27" hits="2" branch="false" />
                <line number="29" hits="2" branch="false" />
                <line number="30" hits="2" branch="false" />
                <line number="31" hits="2" branch="false" />
                <line number="32" hits="2" branch="false" />
                <line number="33" hits="2" branch="false" />
              </lines>
            </method>
            <method name="ToUpdateResponse" signature="(Ombor.Domain.Entities.Template)" line-rate="1" branch-rate="0.5" complexity="2">
              <lines>
                <line number="38" hits="2" branch="true" condition-coverage="50% (2/4)" />
                <line number="39" hits="2" branch="false" />
                <line number="40" hits="2" branch="false" />
                <line number="42" hits="2" branch="false" />
                <line number="43" hits="2" branch="false" />
                <line number="44" hits="2" branch="false" />
                <line number="45" hits="2" branch="false" />
                <line number="46" hits="2" branch="false" />
              </lines>
            </method>
            <method name="ApplyUpdate" signature="(Ombor.Domain.Entities.Template,Ombor.Contracts.Requests.Template.UpdateTemplateRequest)" line-rate="1" branch-rate="1" complexity="2">
              <lines>
                <line number="51" hits="2" branch="true" condition-coverage="100% (4/4)" />
                <line number="52" hits="2" branch="false" />
                <line number="53" hits="2" branch="false" />
                <line number="55" hits="2" branch="false" />
                <line number="56" hits="2" branch="false" />
                <line number="57" hits="2" branch="false" />
                <line number="58" hits="2" branch="false" />
              </lines>
            </method>
            <method name="ToEntity" signature="(Ombor.Contracts.Requests.Template.CreateTemplateRequest)" line-rate="1" branch-rate="1" complexity="2">
              <lines>
                <line number="62" hits="2" branch="true" condition-coverage="100% (4/4)" />
                <line number="63" hits="2" branch="false" />
                <line number="64" hits="2" branch="false" />
                <line number="66" hits="2" branch="false" />
                <line number="67" hits="2" branch="false" />
                <line number="68" hits="2" branch="false" />
                <line number="69" hits="2" branch="false" />
                <line number="70" hits="2" branch="false" />
                <line number="71" hits="2" branch="false" />
              </lines>
            </method>
            <method name="ToEntity" signature="(Ombor.Contracts.Requests.Template.CreateTemplateItem)" line-rate="1" branch-rate="1" complexity="1">
              <lines>
                <line number="75" hits="10" branch="false" />
                <line number="76" hits="10" branch="false" />
                <line number="77" hits="10" branch="false" />
                <line number="78" hits="10" branch="false" />
                <line number="79" hits="10" branch="false" />
                <line number="80" hits="10" branch="false" />
                <line number="81" hits="10" branch="false" />
                <line number="82" hits="10" branch="false" />
                <line number="83" hits="10" branch="false" />
              </lines>
            </method>
            <method name="ToEntity" signature="(Ombor.Contracts.Requests.Template.UpdateTemplateItem)" line-rate="1" branch-rate="1" complexity="1">
              <lines>
                <line number="86" hits="20" branch="false" />
                <line number="87" hits="20" branch="false" />
                <line number="88" hits="20" branch="false" />
                <line number="89" hits="20" branch="false" />
                <line number="90" hits="20" branch="false" />
                <line number="91" hits="20" branch="false" />
                <line number="92" hits="20" branch="false" />
                <line number="93" hits="20" branch="false" />
                <line number="94" hits="20" branch="false" />
                <line number="95" hits="20" branch="false" />
              </lines>
            </method>
            <method name="ToDto" signature="(Ombor.Domain.Entities.TemplateItem)" line-rate="0.8461538461538461" branch-rate="0.5" complexity="4">
              <lines>
                <line number="99" hits="120" branch="true" condition-coverage="50% (2/4)" />
                <line number="101" hits="0" branch="false" />
                <line number="104" hits="120" branch="true" condition-coverage="50% (2/4)" />
                <line number="106" hits="0" branch="false" />
                <line number="109" hits="120" branch="false" />
                <line number="110" hits="120" branch="false" />
                <line number="111" hits="120" branch="false" />
                <line number="112" hits="120" branch="false" />
                <line number="113" hits="120" branch="false" />
                <line number="114" hits="120" branch="false" />
                <line number="115" hits="120" branch="false" />
                <line number="116" hits="120" branch="false" />
                <line number="117" hits="120" branch="false" />
              </lines>
            </method>
            <method name="ToDomain" signature="(Ombor.Contracts.Enums.TemplateType)" line-rate="1" branch-rate="1" complexity="1">
              <lines>
                <line number="121" hits="6" branch="false" />
              </lines>
            </method>
            <method name="ToDto" signature="(Ombor.Domain.Entities.Template)" line-rate="1" branch-rate="0.5" complexity="2">
              <lines>
                <line number="12" hits="50" branch="true" condition-coverage="50% (2/4)" />
                <line number="13" hits="50" branch="false" />
                <line number="14" hits="50" branch="false" />
                <line number="16" hits="50" branch="false" />
                <line number="17" hits="50" branch="false" />
                <line number="18" hits="50" branch="false" />
                <line number="19" hits="50" branch="false" />
                <line number="20" hits="50" branch="false" />
              </lines>
            </method>
            <method name="ToCreateResponse" signature="(Ombor.Domain.Entities.Template)" line-rate="1" branch-rate="1" complexity="2">
              <lines>
                <line number="25" hits="2" branch="true" condition-coverage="100% (4/4)" />
                <line number="26" hits="2" branch="false" />
                <line number="27" hits="2" branch="false" />
                <line number="29" hits="2" branch="false" />
                <line number="30" hits="2" branch="false" />
                <line number="31" hits="2" branch="false" />
                <line number="32" hits="2" branch="false" />
                <line number="33" hits="2" branch="false" />
              </lines>
            </method>
            <method name="ToUpdateResponse" signature="(Ombor.Domain.Entities.Template)" line-rate="1" branch-rate="0.5" complexity="2">
              <lines>
                <line number="38" hits="2" branch="true" condition-coverage="50% (2/4)" />
                <line number="39" hits="2" branch="false" />
                <line number="40" hits="2" branch="false" />
                <line number="42" hits="2" branch="false" />
                <line number="43" hits="2" branch="false" />
                <line number="44" hits="2" branch="false" />
                <line number="45" hits="2" branch="false" />
                <line number="46" hits="2" branch="false" />
              </lines>
            </method>
            <method name="ApplyUpdate" signature="(Ombor.Domain.Entities.Template,Ombor.Contracts.Requests.Template.UpdateTemplateRequest)" line-rate="1" branch-rate="1" complexity="2">
              <lines>
                <line number="51" hits="2" branch="true" condition-coverage="100% (4/4)" />
                <line number="52" hits="2" branch="false" />
                <line number="53" hits="2" branch="false" />
                <line number="55" hits="2" branch="false" />
                <line number="56" hits="2" branch="false" />
                <line number="57" hits="2" branch="false" />
                <line number="58" hits="2" branch="false" />
              </lines>
            </method>
            <method name="ToEntity" signature="(Ombor.Contracts.Requests.Template.CreateTemplateRequest)" line-rate="1" branch-rate="1" complexity="2">
              <lines>
                <line number="62" hits="2" branch="true" condition-coverage="100% (4/4)" />
                <line number="63" hits="2" branch="false" />
                <line number="64" hits="2" branch="false" />
                <line number="66" hits="2" branch="false" />
                <line number="67" hits="2" branch="false" />
                <line number="68" hits="2" branch="false" />
                <line number="69" hits="2" branch="false" />
                <line number="70" hits="2" branch="false" />
                <line number="71" hits="2" branch="false" />
              </lines>
            </method>
            <method name="ToEntity" signature="(Ombor.Contracts.Requests.Template.CreateTemplateItem)" line-rate="1" branch-rate="1" complexity="1">
              <lines>
                <line number="75" hits="10" branch="false" />
                <line number="76" hits="10" branch="false" />
                <line number="77" hits="10" branch="false" />
                <line number="78" hits="10" branch="false" />
                <line number="79" hits="10" branch="false" />
                <line number="80" hits="10" branch="false" />
                <line number="81" hits="10" branch="false" />
                <line number="82" hits="10" branch="false" />
                <line number="83" hits="10" branch="false" />
              </lines>
            </method>
            <method name="ToEntity" signature="(Ombor.Contracts.Requests.Template.UpdateTemplateItem)" line-rate="1" branch-rate="1" complexity="1">
              <lines>
                <line number="86" hits="20" branch="false" />
                <line number="87" hits="20" branch="false" />
                <line number="88" hits="20" branch="false" />
                <line number="89" hits="20" branch="false" />
                <line number="90" hits="20" branch="false" />
                <line number="91" hits="20" branch="false" />
                <line number="92" hits="20" branch="false" />
                <line number="93" hits="20" branch="false" />
                <line number="94" hits="20" branch="false" />
                <line number="95" hits="20" branch="false" />
              </lines>
            </method>
            <method name="ToDto" signature="(Ombor.Domain.Entities.TemplateItem)" line-rate="0.8461538461538461" branch-rate="0.5" complexity="4">
              <lines>
                <line number="99" hits="120" branch="true" condition-coverage="50% (2/4)" />
                <line number="101" hits="0" branch="false" />
                <line number="104" hits="120" branch="true" condition-coverage="50% (2/4)" />
                <line number="106" hits="0" branch="false" />
                <line number="109" hits="120" branch="false" />
                <line number="110" hits="120" branch="false" />
                <line number="111" hits="120" branch="false" />
                <line number="112" hits="120" branch="false" />
                <line number="113" hits="120" branch="false" />
                <line number="114" hits="120" branch="false" />
                <line number="115" hits="120" branch="false" />
                <line number="116" hits="120" branch="false" />
                <line number="117" hits="120" branch="false" />
              </lines>
            </method>
            <method name="ToDomain" signature="(Ombor.Contracts.Enums.TemplateType)" line-rate="1" branch-rate="1" complexity="1">
              <lines>
                <line number="121" hits="6" branch="false" />
              </lines>
            </method>
          </methods>
          <lines>
            <line number="12" hits="50" branch="true" condition-coverage="50% (2/4)" />
            <line number="13" hits="50" branch="false" />
            <line number="14" hits="50" branch="false" />
            <line number="16" hits="50" branch="false" />
            <line number="17" hits="50" branch="false" />
            <line number="18" hits="50" branch="false" />
            <line number="19" hits="50" branch="false" />
            <line number="20" hits="50" branch="false" />
            <line number="25" hits="2" branch="true" condition-coverage="100% (4/4)" />
            <line number="26" hits="2" branch="false" />
            <line number="27" hits="2" branch="false" />
            <line number="29" hits="2" branch="false" />
            <line number="30" hits="2" branch="false" />
            <line number="31" hits="2" branch="false" />
            <line number="32" hits="2" branch="false" />
            <line number="33" hits="2" branch="false" />
            <line number="38" hits="2" branch="true" condition-coverage="50% (2/4)" />
            <line number="39" hits="2" branch="false" />
            <line number="40" hits="2" branch="false" />
            <line number="42" hits="2" branch="false" />
            <line number="43" hits="2" branch="false" />
            <line number="44" hits="2" branch="false" />
            <line number="45" hits="2" branch="false" />
            <line number="46" hits="2" branch="false" />
            <line number="51" hits="2" branch="true" condition-coverage="100% (4/4)" />
            <line number="52" hits="2" branch="false" />
            <line number="53" hits="2" branch="false" />
            <line number="55" hits="2" branch="false" />
            <line number="56" hits="2" branch="false" />
            <line number="57" hits="2" branch="false" />
            <line number="58" hits="2" branch="false" />
            <line number="62" hits="2" branch="true" condition-coverage="100% (4/4)" />
            <line number="63" hits="2" branch="false" />
            <line number="64" hits="2" branch="false" />
            <line number="66" hits="2" branch="false" />
            <line number="67" hits="2" branch="false" />
            <line number="68" hits="2" branch="false" />
            <line number="69" hits="2" branch="false" />
            <line number="70" hits="2" branch="false" />
            <line number="71" hits="2" branch="false" />
            <line number="75" hits="10" branch="false" />
            <line number="76" hits="10" branch="false" />
            <line number="77" hits="10" branch="false" />
            <line number="78" hits="10" branch="false" />
            <line number="79" hits="10" branch="false" />
            <line number="80" hits="10" branch="false" />
            <line number="81" hits="10" branch="false" />
            <line number="82" hits="10" branch="false" />
            <line number="83" hits="10" branch="false" />
            <line number="86" hits="20" branch="false" />
            <line number="87" hits="20" branch="false" />
            <line number="88" hits="20" branch="false" />
            <line number="89" hits="20" branch="false" />
            <line number="90" hits="20" branch="false" />
            <line number="91" hits="20" branch="false" />
            <line number="92" hits="20" branch="false" />
            <line number="93" hits="20" branch="false" />
            <line number="94" hits="20" branch="false" />
            <line number="95" hits="20" branch="false" />
            <line number="99" hits="120" branch="true" condition-coverage="50% (2/4)" />
            <line number="101" hits="0" branch="false" />
            <line number="104" hits="120" branch="true" condition-coverage="50% (2/4)" />
            <line number="106" hits="0" branch="false" />
            <line number="109" hits="120" branch="false" />
            <line number="110" hits="120" branch="false" />
            <line number="111" hits="120" branch="false" />
            <line number="112" hits="120" branch="false" />
            <line number="113" hits="120" branch="false" />
            <line number="114" hits="120" branch="false" />
            <line number="115" hits="120" branch="false" />
            <line number="116" hits="120" branch="false" />
            <line number="117" hits="120" branch="false" />
            <line number="121" hits="6" branch="false" />
          </lines>
[...]
                <line number="31" hits="6" branch="false" />
                <line number="32" hits="6" branch="false" />
                <line number="34" hits="6" branch="false" />
                <line number="35" hits="6" branch="false" />
                <line number="36" hits="6" branch="false" />
                <line number="37" hits="6" branch="false" />
                <line number="39" hits="6" branch="false" />
                <line number="40" hits="6" branch="false" />
                <line number="41" hits="6" branch="false" />
                <line number="42" hits="6" branch="false" />
                <line number="45" hits="6" branch="false" />
              </lines>
            </method>
          </methods>
          <lines>
            <line number="11" hits="6" branch="false" />
            <line number="13" hits="6" branch="false" />
            <line number="15" hits="6" branch="false" />
            <line number="16" hits="6" branch="false" />
            <line number="17" hits="6" branch="false" />
            <line number="18" hits="6" branch="false" />
            <line number="19" hits="6" branch="false" />
            <line number="20" hits="6" branch="false" />
            <line number="24" hits="6" branch="false" />
            <line number="25" hits="6" branch="false" />
            <line number="26" hits="6" branch="false" />
            <line number="27" hits="6" branch="false" />
            <line number="29" hits="6" branch="false" />
            <line number="30" hits="6" branch="false" />
            <line number="31" hits="6" branch="false" />
            <line number="32" hits="6" branch="false" />
            <line number="34" hits="6" branch="false" />
            <line number="35" hits="6" branch="false" />
            <line number="36" hits="6" branch="false" />
            <line number="37" hits="6" branch="false" />
            <line number="39" hits="6" branch="false" />
            <line number="40" hits="6" branch="false" />
            <line number="41" hits="6" branch="false" />
            <line number="42" hits="6" branch="false" />
            <line number="45" hits="6" branch="false" />
          </lines>
        </class>
        <class name="Ombor.Infrastructure.Persistence.Configurations.TemplateConfiguration" filename="/home/runner/work/Ombor.API/Ombor.API/src/Ombor.Infrastructure/Persistence/Configurations/TemplateConfiguration.cs" line-rate="1" branch-rate="1" complexity="2">
          <methods>
            <method name="Configure" signature="(Microsoft.EntityFrameworkCore.Metadata.Builders.EntityTypeBuilder`1&lt;Ombor.Domain.Entities.Template&gt;)" line-rate="1" branch-rate="1" complexity="1">
              <lines>
                <line number="11" hits="6" branch="false" />
                <line number="13" hits="6" branch="false" />
                <line number="15" hits="6" branch="false" />
                <line number="16" hits="6" branch="false" />
                <line number="17" hits="6" branch="false" />
                <line number="18" hits="6" branch="false" />
                <line number="19" hits="6" branch="false" />
                <line number="20" hits="6" branch="false" />
                <line number="22" hits="6" branch="false" />
                <line number="23" hits="6" branch="false" />
                <line number="24" hits="6" branch="false" />
                <line number="28" hits="6" branch="false" />
                <line number="29" hits="6" branch="false" />
                <line number="30" hits="6" branch="false" />
                <line number="31" hits="6" branch="false" />
                <line number="33" hits="6" branch="false" />
                <line number="34" hits="6" branch="false" />
                <line number="35" hits="6" branch="false" />
                <line number="36" hits="6" branch="false" />
                <line number="39" hits="6" branch="false" />
              </lines>
            </method>
            <method name="Configure" signature="(Microsoft.EntityFrameworkCore.Metadata.Builders.EntityTypeBuilder`1&lt;Ombor.Domain.Entities.Template&gt;)" line-rate="1" branch-rate="1" complexity="1">
              <lines>
                <line number="11" hits="6" branch="false" />
                <line number="13" hits="6" branch="false" />
                <line number="15" hits="6" branch="false" />
                <line number="16" hits="6" branch="false" />
                <line number="17" hits="6" branch="false" />
                <line number="18" hits="6" branch="false" />
                <line number="19" hits="6" branch="false" />
                <line number="20" hits="6" branch="false" />
                <line number="22" hits="6" branch="false" />
                <line number="23" hits="6" branch="false" />
                <line number="24" hits="6" branch="false" />
                <line number="28" hits="6" branch="false" />
                <line number="29" hits="6" branch="false" />
                <line number="30" hits="6" branch="false" />
                <line number="31" hits="6" branch="false" />
                <line number="33" hits="6" branch="false" />
                <line number="34" hits="6" branch="false" />
                <line number="35" hits="6" branch="false" />
                <line number="36" hits="6" branch="false" />
                <line number="39" hits="6" branch="false" />
              </lines>
            </method>
          </methods>
          <lines>
            <line number="11" hits="6" branch="false" />
            <line number="13" hits="6" branch="false" />
            <line number="15" hits="6" branch="false" />
            <line number="16" hits="6" branch="false" />
            <line number="17" hits="6" branch="false" />
            <line number="18" hits="6" branch="false" />
            <line number="19" hits="6" branch="false" />
            <line number="20" hits="6" branch="false" />
            <line number="22" hits="6" branch="false" />
            <line number="23" hits="6" branch="false" />
            <line number="24" hits="6" branch="false" />
            <line number="28" hits="6" branch="false" />
            <line number="29" hits="6" branch="false" />
            <line number="30" hits="6" branch="false" />
            <line number="31" hits="6" branch="false" />
            <line number="33" hits="6" branch="false" />
            <line number="34" hits="6" branch="false" />
            <line number="35" hits="6" branch="false" />
            <line number="36" hits="6" branch="false" />
            <line number="39" hits="6" branch="false" />
          </lines>
        </class>
        <class name="Ombor.Infrastructure.Persistence.Configurations.TemplateItemConfiguration" filename="/home/runner/work/Ombor.API/Ombor.API/src/Ombor.Infrastructure/Persistence/Configurations/TemplateItemConfiguration.cs" line-rate="1" branch-rate="1" complexity="2">
          <methods>
            <method name="Configure" signature="(Microsoft.EntityFrameworkCore.Metadata.Builders.EntityTypeBuilder`1&lt;Ombor.Domain.Entities.TemplateItem&gt;)" line-rate="1" branch-rate="1" complexity="1">
              <lines>
                <line number="12" hits="6" branch="false" />
                <line number="14" hits="6" branch="false" />
                <line number="16" hits="6" branch="false" />
                <line number="17" hits="6" branch="false" />
                <line number="18" hits="6" branch="false" />
                <line number="19" hits="6" branch="false" />
                <line number="20" hits="6" branch="false" />
                <line number="21" hits="6" branch="false" />
                <line number="23" hits="6" branch="false" />
                <line number="24" hits="6" branch="false" />
                <line number="25" hits="6" branch="false" />
                <line number="26" hits="6" branch="false" />
                <line number="27" hits="6" branch="false" />
                <line number="28" hits="6" branch="false" />
                <line number="30" hits="6" branch="false" />
                <line number="31" hits="6" branch="false" />
                <line number="32" hits="6" branch="false" />
                <line number="34" hits="6" branch="false" />
                <line number="35" hits="6" branch="false" />
                <line number="36" hits="6" branch="false" />
                <line number="40" hits="6" branch="false" />
                <line number="41" hits="6" branch="false" />
                <line number="42" hits="6" branch="false" />
                <line number="44" hits="6" branch="false" />
                <line number="45" hits="6" branch="false" />
                <line number="46" hits="6" branch="false" />
                <line number="48" hits="6" branch="false" />
                <line number="49" hits="6" branch="false" />
                <line number="50" hits="6" branch="false" />
                <line number="53" hits="6" branch="false" />
              </lines>
            </method>
            <method name="Configure" signature="(Microsoft.EntityFrameworkCore.Metadata.Builders.EntityTypeBuilder`1&lt;Ombor.Domain.Entities.TemplateItem&gt;)" line-rate="1" branch-rate="1" complexity="1">
              <lines>
                <line number="12" hits="6" branch="false" />
                <line number="14" hits="6" branch="false" />
                <line number="16" hits="6" branch="false" />
                <line number="17" hits="6" branch="false" />
                <line number="18" hits="6" branch="false" />
                <line number="19" hits="6" branch="false" />
                <line number="20" hits="6" branch="false" />
                <line number="21" hits="6" branch="false" />
                <line number="23" hits="6" branch="false" />
                <line number="24" hits="6" branch="false" />
                <line number="25" hits="6" branch="false" />
                <line number="26" hits="6" branch="false" />
                <line number="27" hits="6" branch="false" />
                <line number="28" hits="6" branch="false" />
                <line number="30" hits="6" branch="false" />
                <line number="31" hits="6" branch="false" />
                <line number="32" hits="6" branch="false" />
                <line number="34" hits="6" branch="false" />
                <line number="35" hits="6" branch="false" />
                <line number="36" hits="6" branch="false" />
                <line number="40" hits="6" branch="false" />
                <line number="41" hits="6" branch="false" />
                <line number="42" hits="6" branch="false" />
                <line number="44" hits="6" branch="false" />
                <line number="45" hits="6" branch="false" />
                <line number="46" hits="6" branch="false" />
                <line number="48" hits="6" branch="false" />
                <line number="49" hits="6" branch="false" />
                <line number="50" hits="6" branch="false" />
                <line number="53" hits="6" branch="false" />
              </lines>
            </method>
          </methods>
          <lines>
            <line number="12" hits="6" branch="false" />
            <line number="14" hits="6" branch="false" />
            <line number="16" hits="6" branch="false" />
            <line number="17" hits="6" branch="false" />
            <line number="18" hits="6" branch="false" />
            <line number="19" hits="6" branch="false" />
            <line number="20" hits="6" branch="false" />
            <line number="21" hits="6" branch="false" />
            <line number="23" hits="6" branch="false" />
            <line number="24" hits="6" branch="false" />
            <line number="25" hits="6" branch="false" />
            <line number="26" hits="6" branch="false" />
            <line number="27" hits="6" branch="false" />
            <line number="28" hits="6" branch="false" />
            <line number="30" hits="6" branch="false" />
            <line number="31" hits="6" branch="false" />
            <line number="32" hits="6" branch="false" />
            <line number="34" hits="6" branch="false" />
            <line number="35" hits="6" branch="false" />
            <line number="36" hits="6" branch="false" />
            <line number="40" hits="6" branch="false" />
            <line number="41" hits="6" branch="false" />
            <line number="42" hits="6" branch="false" />
            <line number="44" hits="6" branch="false" />
            <line number="45" hits="6" branch="false" />
            <line number="46" hits="6" branch="false" />
            <line number="48" hits="6" branch="false" />
            <line number="49" hits="6" branch="false" />
            <line number="50" hits="6" branch="false" />
            <line number="53" hits="6" branch="false" />
          </lines>
        </class>
        <class name="Ombor.Infrastructure.Services.ImageSharpThumbnailer" filename="/home/runner/work/Ombor.API/Ombor.API/src/Ombor.Infrastructure/Services/ImageSharpThumbnailer.cs" line-rate="1" branch-rate="1" complexity="2">
          <methods>
            <method name=".ctor" signature="(Microsoft.Extensions.Options.IOptions`1&lt;Ombor.Application.Configurations.FileSettings&gt;)" line-rate="1" branch-rate="1" complexity="1">
              <lines>
                <line number="12" hits="72" branch="false" />
              </lines>
            </method>
            <method name=".ctor" signature="(Microsoft.Extensions.Options.IOptions`1&lt;Ombor.Application.Configurations.FileSettings&gt;)" line-rate="1" branch-rate="1" complexity="1">
              <lines>
                <line number="12" hits="72" branch="false" />
              </lines>
            </method>
          </methods>
          <lines>
            <line number="12" hits="72" branch="false" />
          </lines>
        </class>
        <class name="Ombor.Infrastructure.Services.LocalFilePathProvider" filename="/home/runner/work/Ombor.API/Ombor.API/src/Ombor.Infrastructure/Services/LocalFilePathProvider.cs" line-rate="1" branch-rate="1" complexity="6">
          <methods>
            <method name="BuildRelativePath" signature="(System.String,System.String,System.String)" line-rate="1" branch-rate="1" complexity="1">
              <lines>
                <line number="14" hits="50" branch="false" />
                <line number="15" hits="50" branch="false" />
                <line number="16" hits="50" branch="false" />
                <line number="18" hits="42" branch="false" />
              </lines>
            </method>
            <method name="BuildPublicUrl" signature="(System.String,System.String,System.String)" line-rate="1" branch-rate="1" complexity="1">
              <lines>
                <line number="23" hits="34" branch="false" />
                <line number="24" hits="34" branch="false" />
                <line number="25" hits="34" branch="false" />
                <line number="27" hits="26" branch="false" />
              </lines>
            </method>
            <method name=".ctor" signature="(Microsoft.Extensions.Options.IOptions`1&lt;Ombor.Application.Configurations.FileSettings&gt;)" line-rate="1" branch-rate="1" complexity="1">
              <lines>
                <line number="10" hits="58" branch="false" />
              </lines>
            </method>
            <method name="BuildRelativePath" signature="(System.String,System.String,System.String)" line-rate="1" branch-rate="1" complexity="1">
              <lines>
                <line number="14" hits="50" branch="false" />
                <line number="15" hits="50" branch="false" />
                <line number="16" hits="50" branch="false" />
                <line number="18" hits="42" branch="false" />
              </lines>
            </method>
            <method name="BuildPublicUrl" signature="(System.String,System.String,System.String)" line-rate="1" branch-rate="1" complexity="1">
              <lines>
                <line number="23" hits="34" branch="false" />
                <line number="24" hits="34" branch="false" />
                <line number="25" hits="34" branch="false" />
                <line number="27" hits="26" branch="false" />
              </lines>
            </method>
            <method name=".ctor" signature="(Microsoft.Extensions.Options.IOptions`1&lt;Ombor.Application.Configurations.FileSettings&gt;)" line-rate="1" branch-rate="1" complexity="1">
              <lines>
                <line number="10" hits="58" branch="false" />
              </lines>
            </method>
          </methods>
          <lines>
            <line number="10" hits="58" branch="false" />
            <line number="14" hits="50" branch="false" />
            <line number="15" hits="50" branch="false" />
            <line number="16" hits="50" branch="false" />
            <line number="18" hits="42" branch="false" />
            <line number="23" hits="34" branch="false" />
            <line number="24" hits="34" branch="false" />
            <line number="25" hits="34" branch="false" />
            <line number="27" hits="26" branch="false" />
          </lines>
        </class>
        <class name="Ombor.Infrastructure.Storage.LocalFileStorage" filename="/home/runner/work/Ombor.API/Ombor.API/src/Ombor.Infrastructure/Storage/LocalFileStorage.cs" line-rate="1" branch-rate="1" complexity="8">
          <methods>
            <method name="DeleteAsync" signature="(System.String,System.Threading.CancellationToken)" line-rate="1" branch-rate="1" complexity="2">
              <lines>
                <line number="42" hits="52" branch="false" />
                <line number="43" hits="40" branch="false" />
                <line number="45" hits="40" branch="true" condition-coverage="100% (4/4)" />
                <line number="47" hits="28" branch="false" />
                <line number="50" hits="40" branch="false" />
              </lines>
            </method>
            <method name=".ctor" signature="(Microsoft.AspNetCore.Hosting.IWebHostEnvironment)" line-rate="1" branch-rate="1" complexity="2">
              <lines>
                <line number="9" hits="88" branch="true" condition-coverage="100% (4/4)" />
                <line number="10" hits="88" branch="false" />
              </lines>
            </method>
            <method name="DeleteAsync" signature="(System.String,System.Threading.CancellationToken)" line-rate="1" branch-rate="1" complexity="2">
              <lines>
                <line number="42" hits="52" branch="false" />
                <line number="43" hits="40" branch="false" />
                <line number="45" hits="40" branch="true" condition-coverage="100% (4/4)" />
                <line number="47" hits="28" branch="false" />
                <line number="50" hits="40" branch="false" />
              </lines>
            </method>
            <method name=".ctor" signature="(Microsoft.AspNetCore.Hosting.IWebHostEnvironment)" line-rate="1" branch-rate="1" complexity="2">
              <lines>
                <line number="9" hits="88" branch="true" condition-coverage="100% (4/4)" />
                <line number="10" hits="88" branch="false" />
              </lines>
            </method>
          </methods>
          <lines>
            <line number="9" hits="88" branch="true" condition-coverage="100% (4/4)" />
            <line number="10" hits="88" branch="false" />
            <line number="42" hits="52" branch="false" />
            <line number="43" hits="40" branch="false" />
            <line number="45" hits="40" branch="true" condition-coverage="100% (4/4)" />
            <line number="47" hits="28" branch="false" />
            <line number="50" hits="40" branch="false" />
          </lines>
        </class>
      </classes>
    </package>
  </packages>
</coverage>