<?xml version="1.0" encoding="utf-8"?>
<!DOCTYPE coverage SYSTEM "http://cobertura.sourceforge.net/xml/coverage-04.dtd">
<coverage line-rate="0.7728437233134073" branch-rate="0.45147679324894513" lines-covered="1810" lines-valid="2342" branches-covered="428" branches-valid="948" complexity="1239" version="0" timestamp="1760701756">
  <sources>
    <source>/home/runner/work/Ombor.API/Ombor.API/src/</source>
  </sources>
  <packages>
    <package name="Ombor.API" line-rate="0.896551724137931" branch-rate="0.375" complexity="42">
      <classes>
        <class name="Ombor.API.Controllers.AuthController" filename="/home/runner/work/Ombor.API/Ombor.API/src/Ombor.API/Controllers/AuthController.cs" line-rate="0" branch-rate="1" complexity="2">
          <methods>
            <method name=".ctor" signature="(Ombor.Application.Interfaces.IAuthService)" line-rate="0" branch-rate="1" complexity="1">
              <lines>
                <line number="12" hits="0" branch="false" />
              </lines>
            </method>
            <method name=".ctor" signature="(Ombor.Application.Interfaces.IAuthService)" line-rate="0" branch-rate="1" complexity="1">
              <lines>
                <line number="12" hits="0" branch="false" />
              </lines>
            </method>
          </methods>
          <lines>
            <line number="12" hits="0" branch="false" />
          </lines>
        </class>
        <class name="Ombor.API.Controllers.CategoriesController" filename="/home/runner/work/Ombor.API/Ombor.API/src/Ombor.API/Controllers/CategoriesController.cs" line-rate="1" branch-rate="1" complexity="2">
          <methods>
            <method name=".ctor" signature="(Ombor.Application.Interfaces.ICategoryService)" line-rate="1" branch-rate="1" complexity="1">
              <lines>
                <line number="14" hits="44" branch="false" />
              </lines>
            </method>
            <method name=".ctor" signature="(Ombor.Application.Interfaces.ICategoryService)" line-rate="1" branch-rate="1" complexity="1">
              <lines>
                <line number="14" hits="44" branch="false" />
              </lines>
            </method>
          </methods>
          <lines>
            <line number="14" hits="44" branch="false" />
          </lines>
        </class>
        <class name="Ombor.API.Controllers.EmployeesController" filename="/home/runner/work/Ombor.API/Ombor.API/src/Ombor.API/Controllers/EmployeesController.cs" line-rate="1" branch-rate="1" complexity="2">
          <methods>
            <method name=".ctor" signature="(Ombor.Application.Interfaces.IEmployeeService)" line-rate="1" branch-rate="1" complexity="1">
              <lines>
                <line number="12" hits="26" branch="false" />
              </lines>
            </method>
            <method name=".ctor" signature="(Ombor.Application.Interfaces.IEmployeeService)" line-rate="1" branch-rate="1" complexity="1">
              <lines>
                <line number="12" hits="26" branch="false" />
              </lines>
            </method>
          </methods>
          <lines>
            <line number="12" hits="26" branch="false" />
          </lines>
        </class>
        <class name="Ombor.API.Controllers.InventoriesController" filename="/home/runner/work/Ombor.API/Ombor.API/src/Ombor.API/Controllers/InventoriesController.cs" line-rate="1" branch-rate="1" complexity="2">
          <methods>
            <method name=".ctor" signature="(Ombor.Application.Interfaces.IInventoryService)" line-rate="1" branch-rate="1" complexity="1">
              <lines>
                <line number="15" hits="50" branch="false" />
              </lines>
            </method>
            <method name=".ctor" signature="(Ombor.Application.Interfaces.IInventoryService)" line-rate="1" branch-rate="1" complexity="1">
              <lines>
                <line number="15" hits="50" branch="false" />
              </lines>
            </method>
          </methods>
          <lines>
            <line number="15" hits="50" branch="false" />
          </lines>
        </class>
        <class name="Ombor.API.Controllers.PartnersController" filename="/home/runner/work/Ombor.API/Ombor.API/src/Ombor.API/Controllers/PartnersController.cs" line-rate="1" branch-rate="1" complexity="2">
          <methods>
            <method name=".ctor" signature="(Ombor.Application.Interfaces.IPartnerService,Ombor.Application.Interfaces.IPaymentService)" line-rate="1" branch-rate="1" complexity="1">
              <lines>
                <line number="17" hits="44" branch="false" />
                <line number="18" hits="44" branch="false" />
                <line number="19" hits="44" branch="false" />
              </lines>
            </method>
            <method name=".ctor" signature="(Ombor.Application.Interfaces.IPartnerService,Ombor.Application.Interfaces.IPaymentService)" line-rate="1" branch-rate="1" complexity="1">
              <lines>
                <line number="17" hits="44" branch="false" />
                <line number="18" hits="44" branch="false" />
                <line number="19" hits="44" branch="false" />
              </lines>
            </method>
          </methods>
          <lines>
            <line number="17" hits="44" branch="false" />
            <line number="18" hits="44" branch="false" />
            <line number="19" hits="44" branch="false" />
          </lines>
        </class>
        <class name="Ombor.API.Controllers.PaymentsController" filename="/home/runner/work/Ombor.API/Ombor.API/src/Ombor.API/Controllers/PaymentsController.cs" line-rate="0" branch-rate="1" complexity="2">
          <methods>
            <method name=".ctor" signature="(Ombor.Application.Interfaces.IPaymentService)" line-rate="0" branch-rate="1" complexity="1">
              <lines>
                <line number="12" hits="0" branch="false" />
              </lines>
            </method>
            <method name=".ctor" signature="(Ombor.Application.Interfaces.IPaymentService)" line-rate="0" branch-rate="1" complexity="1">
              <lines>
                <line number="12" hits="0" branch="false" />
              </lines>
            </method>
          </methods>
          <lines>
            <line number="12" hits="0" branch="false" />
          </lines>
        </class>
        <class name="Ombor.API.Controllers.ProductsController" filename="/home/runner/work/Ombor.API/Ombor.API/src/Ombor.API/Controllers/ProductsController.cs" line-rate="1" branch-rate="1" complexity="2">
          <methods>
            <method name=".ctor" signature="(Ombor.Application.Interfaces.IProductService)" line-rate="1" branch-rate="1" complexity="1">
              <lines>
                <line number="16" hits="46" branch="false" />
              </lines>
            </method>
            <method name=".ctor" signature="(Ombor.Application.Interfaces.IProductService)" line-rate="1" branch-rate="1" complexity="1">
              <lines>
                <line number="16" hits="46" branch="false" />
              </lines>
            </method>
          </methods>
          <lines>
            <line number="16" hits="46" branch="false" />
          </lines>
        </class>
        <class name="Ombor.API.Controllers.TemplatesController" filename="/home/runner/work/Ombor.API/Ombor.API/src/Ombor.API/Controllers/TemplatesController.cs" line-rate="1" branch-rate="1" complexity="2">
          <methods>
            <method name=".ctor" signature="(Ombor.Application.Interfaces.ITemplateService)" line-rate="1" branch-rate="1" complexity="1">
              <lines>
                <line number="12" hits="28" branch="false" />
              </lines>
            </method>
            <method name=".ctor" signature="(Ombor.Application.Interfaces.ITemplateService)" line-rate="1" branch-rate="1" complexity="1">
              <lines>
                <line number="12" hits="28" branch="false" />
              </lines>
            </method>
          </methods>
          <lines>
            <line number="12" hits="28" branch="false" />
          </lines>
        </class>
        <class name="Ombor.API.Controllers.TransactionsController" filename="/home/runner/work/Ombor.API/Ombor.API/src/Ombor.API/Controllers/TransactionsController.cs" line-rate="1" branch-rate="1" complexity="2">
          <methods>
            <method name=".ctor" signature="(Ombor.Application.Interfaces.ITransactionService,Ombor.Application.Interfaces.IPaymentService)" line-rate="1" branch-rate="1" complexity="1">
              <lines>
                <line number="14" hits="40" branch="false" />
                <line number="15" hits="40" branch="false" />
                <line number="16" hits="40" branch="false" />
              </lines>
            </method>
            <method name=".ctor" signature="(Ombor.Application.Interfaces.ITransactionService,Ombor.Application.Interfaces.IPaymentService)" line-rate="1" branch-rate="1" complexity="1">
              <lines>
                <line number="14" hits="40" branch="false" />
                <line number="15" hits="40" branch="false" />
                <line number="16" hits="40" branch="false" />
              </lines>
            </method>
          </methods>
          <lines>
            <line number="14" hits="40" branch="false" />
            <line number="15" hits="40" branch="false" />
            <line number="16" hits="40" branch="false" />
          </lines>
        </class>
        <class name="Ombor.API.Extensions.DependencyInjection" filename="/home/runner/work/Ombor.API/Ombor.API/src/Ombor.API/Extensions/DependencyInjection.cs" line-rate="0.9880952380952381" branch-rate="0.5" complexity="16">
          <methods>
            <method name="AddApi" signature="(Microsoft.Extensions.DependencyInjection.IServiceCollection,Microsoft.Extensions.Configuration.IConfiguration)" line-rate="1" branch-rate="1" complexity="1">
              <lines>
                <line number="17" hits="62" branch="false" />
                <line number="18" hits="62" branch="false" />
                <line number="19" hits="62" branch="false" />
                <line number="20" hits="62" branch="false" />
                <line number="21" hits="62" branch="false" />
                <line number="22" hits="62" branch="false" />
              </lines>
            </method>
            <method name="AddControllers" signature="(Microsoft.Extensions.DependencyInjection.IServiceCollection)" line-rate="1" branch-rate="1" complexity="1">
              <lines>
                <line number="26" hits="62" branch="false" />
                <line number="27" hits="62" branch="false" />
                <line number="28" hits="62" branch="false" />
                <line number="29" hits="62" branch="false" />
                <line number="30" hits="62" branch="false" />
                <line number="31" hits="62" branch="false" />
                <line number="32" hits="62" branch="false" />
                <line number="33" hits="62" branch="false" />
                <line number="34" hits="62" branch="false" />
                <line number="35" hits="62" branch="false" />
                <line number="36" hits="62" branch="false" />
                <line number="37" hits="62" branch="false" />
                <line number="38" hits="62" branch="false" />
                <line number="39" hits="62" branch="false" />
                <line number="40" hits="62" branch="false" />
                <line number="41" hits="62" branch="false" />
                <line number="43" hits="62" branch="false" />
              </lines>
            </method>
            <method name="AddErrorHandlers" signature="(Microsoft.Extensions.DependencyInjection.IServiceCollection)" line-rate="1" branch-rate="1" complexity="1">
              <lines>
                <line number="48" hits="62" branch="false" />
                <line number="49" hits="62" branch="false" />
                <line number="50" hits="62" branch="false" />
                <line number="51" hits="62" branch="false" />
                <line number="53" hits="62" branch="false" />
                <line number="55" hits="62" branch="false" />
              </lines>
            </method>
            <method name="AddSwagger" signature="(Microsoft.Extensions.DependencyInjection.IServiceCollection,Microsoft.Extensions.Configuration.IConfiguration)" line-rate="1" branch-rate="1" complexity="1">
              <lines>
                <line number="60" hits="62" branch="false" />
                <line number="61" hits="62" branch="false" />
                <line number="63" hits="62" branch="false" />
                <line number="64" hits="62" branch="false" />
                <line number="65" hits="62" branch="false" />
                <line number="66" hits="62" branch="false" />
                <line number="67" hits="62" branch="false" />
                <line number="68" hits="62" branch="false" />
                <line number="69" hits="62" branch="false" />
                <line number="70" hits="62" branch="false" />
                <line number="71" hits="62" branch="false" />
                <line number="72" hits="62" branch="false" />
                <line number="73" hits="62" branch="false" />
                <line number="74" hits="62" branch="false" />
                <line number="75" hits="62" branch="false" />
                <line number="76" hits="62" branch="false" />
                <line number="77" hits="62" branch="false" />
                <line number="78" hits="62" branch="false" />
                <line number="79" hits="62" branch="false" />
                <line number="80" hits="62" branch="false" />
                <line number="81" hits="62" branch="false" />
                <line number="82" hits="62" branch="false" />
                <line number="83" hits="62" branch="false" />
                <line number="84" hits="62" branch="false" />
                <line number="85" hits="62" branch="false" />
                <line number="86" hits="62" branch="false" />
                <line number="87" hits="62" branch="false" />
                <line number="88" hits="62" branch="false" />
                <line number="89" hits="62" branch="false" />
                <line number="90" hits="62" branch="false" />
                <line number="91" hits="62" branch="false" />
                <line number="92" hits="62" branch="false" />
                <line number="93" hits="62" branch="false" />
                <line number="94" hits="62" branch="false" />
                <line number="95" hits="62" branch="false" />
                <line number="96" hits="62" branch="false" />
                <line number="97" hits="62" branch="false" />
                <line number="98" hits="62" branch="false" />
                <line number="99" hits="62" branch="false" />
                <line number="100" hits="62" branch="false" />
                <line number="102" hits="62" branch="false" />
              </lines>
            </method>
            <method name="AddCors" signature="(Microsoft.Extensions.DependencyInjection.IServiceCollection,Microsoft.Extensions.Configuration.IConfiguration)" line-rate="0.9285714285714286" branch-rate="0.5" complexity="4">
              <lines>
                <line number="107" hits="62" branch="false" />
                <line number="109" hits="62" branch="true" condition-coverage="50% (4/8)" />
                <line number="111" hits="0" branch="false" />
                <line number="114" hits="62" branch="false" />
                <line number="115" hits="62" branch="false" />
                <line number="116" hits="62" branch="false" />
                <line number="117" hits="62" branch="false" />
                <line number="118" hits="62" branch="false" />
                <line number="119" hits="62" branch="false" />
                <line number="120" hits="62" branch="false" />
                <line number="121" hits="62" branch="false" />
                <line number="122" hits="62" branch="false" />
                <line number="123" hits="62" branch="false" />
                <line number="125" hits="62" branch="false" />
              </lines>
            </method>
            <method name="AddApi" signature="(Microsoft.Extensions.DependencyInjection.IServiceCollection,Microsoft.Extensions.Configuration.IConfiguration)" line-rate="1" branch-rate="1" complexity="1">
              <lines>
                <line number="17" hits="62" branch="false" />
                <line number="18" hits="62" branch="false" />
                <line number="19" hits="62" branch="false" />
                <line number="20" hits="62" branch="false" />
                <line number="21" hits="62" branch="false" />
                <line number="22" hits="62" branch="false" />
              </lines>
            </method>
            <method name="AddControllers" signature="(Microsoft.Extensions.DependencyInjection.IServiceCollection)" line-rate="1" branch-rate="1" complexity="1">
              <lines>
                <line number="26" hits="62" branch="false" />
                <line number="27" hits="62" branch="false" />
                <line number="28" hits="62" branch="false" />
                <line number="29" hits="62" branch="false" />
                <line number="30" hits="62" branch="false" />
                <line number="31" hits="62" branch="false" />
                <line number="32" hits="62" branch="false" />
                <line number="33" hits="62" branch="false" />
                <line number="34" hits="62" branch="false" />
                <line number="35" hits="62" branch="false" />
                <line number="36" hits="62" branch="false" />
                <line number="37" hits="62" branch="false" />
                <line number="38" hits="62" branch="false" />
                <line number="39" hits="62" branch="false" />
                <line number="40" hits="62" branch="false" />
                <line number="41" hits="62" branch="false" />
                <line number="43" hits="62" branch="false" />
              </lines>
            </method>
            <method name="AddErrorHandlers" signature="(Microsoft.Extensions.DependencyInjection.IServiceCollection)" line-rate="1" branch-rate="1" complexity="1">
              <lines>
                <line number="48" hits="62" branch="false" />
                <line number="49" hits="62" branch="false" />
                <line number="50" hits="62" branch="false" />
                <line number="51" hits="62" branch="false" />
                <line number="53" hits="62" branch="false" />
                <line number="55" hits="62" branch="false" />
              </lines>
            </method>
            <method name="AddSwagger" signature="(Microsoft.Extensions.DependencyInjection.IServiceCollection,Microsoft.Extensions.Configuration.IConfiguration)" line-rate="1" branch-rate="1" complexity="1">
              <lines>
                <line number="60" hits="62" branch="false" />
                <line number="61" hits="62" branch="false" />
                <line number="63" hits="62" branch="false" />
                <line number="64" hits="62" branch="false" />
                <line number="65" hits="62" branch="false" />
                <line number="66" hits="62" branch="false" />
                <line number="67" hits="62" branch="false" />
                <line number="68" hits="62" branch="false" />
                <line number="69" hits="62" branch="false" />
                <line number="70" hits="62" branch="false" />
                <line number="71" hits="62" branch="false" />
                <line number="72" hits="62" branch="false" />
                <line number="73" hits="62" branch="false" />
                <line number="74" hits="62" branch="false" />
                <line number="75" hits="62" branch="false" />
                <line number="76" hits="62" branch="false" />
                <line number="77" hits="62" branch="false" />
                <line number="78" hits="62" branch="false" />
                <line number="79" hits="62" branch="false" />
                <line number="80" hits="62" branch="false" />
                <line number="81" hits="62" branch="false" />
                <line number="82" hits="62" branch="false" />
                <line number="83" hits="62" branch="false" />
                <line number="84" hits="62" branch="false" />
                <line number="85" hits="62" branch="false" />
                <line number="86" hits="62" branch="false" />
                <line number="87" hits="62" branch="false" />
                <line number="88" hits="62" branch="false" />
                <line number="89" hits="62" branch="false" />
                <line number="90" hits="62" branch="false" />
                <line number="91" hits="62" branch="false" />
                <line number="92" hits="62" branch="false" />
                <line number="93" hits="62" branch="false" />
                <line number="94" hits="62" branch="false" />
                <line number="95" hits="62" branch="false" />
                <line number="96" hits="62" branch="false" />
                <line number="97" hits="62" branch="false" />
                <line number="98" hits="62" branch="false" />
                <line number="99" hits="62" branch="false" />
                <line number="100" hits="62" branch="false" />
                <line number="102" hits="62" branch="false" />
              </lines>
            </method>
            <method name="AddCors" signature="(Microsoft.Extensions.DependencyInjection.IServiceCollection,Microsoft.Extensions.Configuration.IConfiguration)" line-rate="0.9285714285714286" branch-rate="0.5" complexity="4">
              <lines>
                <line number="107" hits="62" branch="false" />
                <line number="109" hits="62" branch="true" condition-coverage="50% (4/8)" />
                <line number="111" hits="0" branch="false" />
                <line number="114" hits="62" branch="false" />
                <line number="115" hits="62" branch="false" />
                <line number="116" hits="62" branch="false" />
                <line number="117" hits="62" branch="false" />
                <line number="118" hits="62" branch="false" />
                <line number="119" hits="62" branch="false" />
                <line number="120" hits="62" branch="false" />
                <line number="121" hits="62" branch="false" />
                <line number="122" hits="62" branch="false" />
                <line number="123" hits="62" branch="false" />
                <line number="125" hits="62" branch="false" />
              </lines>
            </method>
          </methods>
          <lines>
            <line number="17" hits="62" branch="false" />
            <line number="18" hits="62" branch="false" />
            <line number="19" hits="62" branch="false" />
            <line number="20" hits="62" branch="false" />
            <line number="21" hits="62" branch="false" />
            <line number="22" hits="62" branch="false" />
            <line number="26" hits="62" branch="false" />
            <line number="27" hits="62" branch="false" />
            <line number="28" hits="62" branch="false" />
            <line number="29" hits="62" branch="false" />
            <line number="30" hits="62" branch="false" />
            <line number="31" hits="62" branch="false" />
            <line number="32" hits="62" branch="false" />
            <line number="33" hits="62" branch="false" />
            <line number="34" hits="62" branch="false" />
            <line number="35" hits="62" branch="false" />
            <line number="36" hits="62" branch="false" />
            <line number="37" hits="62" branch="false" />
            <line number="38" hits="62" branch="false" />
            <line number="39" hits="62" branch="false" />
            <line number="40" hits="62" branch="false" />
            <line number="41" hits="62" branch="false" />
            <line number="43" hits="62" branch="false" />
            <line number="48" hits="62" branch="false" />
            <line number="49" hits="62" branch="false" />
            <line number="50" hits="62" branch="false" />
            <line number="51" hits="62" branch="false" />
            <line number="53" hits="62" branch="false" />
            <line number="55" hits="62" branch="false" />
            <line number="60" hits="62" branch="false" />
            <line number="61" hits="62" branch="false" />
            <line number="63" hits="62" branch="false" />
            <line number="64" hits="62" branch="false" />
            <line number="65" hits="62" branch="false" />
            <line number="66" hits="62" branch="false" />
            <line number="67" hits="62" branch="false" />
            <line number="68" hits="62" branch="false" />
            <line number="69" hits="62" branch="false" />
            <line number="70" hits="62" branch="false" />
            <line number="71" hits="62" branch="false" />
            <line number="72" hits="62" branch="false" />
            <line number="73" hits="62" branch="false" />
            <line number="74" hits="62" branch="false" />
            <line number="75" hits="62" branch="false" />
            <line number="76" hits="62" branch="false" />
            <line number="77" hits="62" branch="false" />
            <line number="78" hits="62" branch="false" />
            <line number="79" hits="62" branch="false" />
            <line number="80" hits="62" branch="false" />
            <line number="81" hits="62" branch="false" />
            <line number="82" hits="62" branch="false" />
            <line number="83" hits="62" branch="false" />
            <line number="84" hits="62" branch="false" />
            <line number="85" hits="62" branch="false" />
            <line number="86" hits="62" branch="false" />
            <line number="87" hits="62" branch="false" />
            <line number="88" hits="62" branch="false" />
            <line number="89" hits="62" branch="false" />
            <line number="90" hits="62" branch="false" />
            <line number="91" hits="62" branch="false" />
            <line number="92" hits="62" branch="false" />
            <line number="93" hits="62" branch="false" />
            <line number="94" hits="62" branch="false" />
            <line number="95" hits="62" branch="false" />
            <line number="96" hits="62" branch="false" />
            <line number="97" hits="62" branch="false" />
            <line number="98" hits="62" branch="false" />
            <line number="99" hits="62" branch="false" />
            <line number="100" hits="62" branch="false" />
            <line number="102" hits="62" branch="false" />
            <line number="107" hits="62" branch="false" />
            <line number="109" hits="62" branch="true" condition-coverage="50% (4/8)" />
            <line number="111" hits="0" branch="false" />
            <line number="114" hits="62" branch="false" />
            <line number="115" hits="62" branch="false" />
            <line number="116" hits="62" branch="false" />
            <line number="117" hits="62" branch="false" />
            <line number="118" hits="62" branch="false" />
            <line number="119" hits="62" branch="false" />
            <line number="120" hits="62" branch="false" />
            <line number="121" hits="62" branch="false" />
            <line number="122" hits="62" branch="false" />
            <line number="123" hits="62" branch="false" />
            <line number="125" hits="62" branch="false" />
          </lines>
        </class>
        <class name="Ombor.API.Extensions.StartupExtensions" filename="/home/runner/work/Ombor.API/Ombor.API/src/Ombor.API/Extensions/StartupExtensions.cs" line-rate="0.9090909090909091" branch-rate="0.5" complexity="4">
          <methods>
            <method name="UseStaticFiles" signature="(Microsoft.AspNetCore.Builder.WebApplication)" line-rate="0.9090909090909091" branch-rate="0.5" complexity="2">
              <lines>
                <line number="27" hits="62" branch="false" />
                <line number="29" hits="62" branch="true" condition-coverage="50% (2/4)" />
                <line number="31" hits="0" branch="false" />
                <line number="34" hits="62" branch="false" />
                <line number="36" hits="62" branch="false" />
                <line number="38" hits="62" branch="false" />
                <line number="39" hits="62" branch="false" />
                <line number="40" hits="62" branch="false" />
                <line number="41" hits="62" branch="false" />
                <line number="42" hits="62" branch="false" />
                <line number="44" hits="62" branch="false" />
              </lines>
            </method>
            <method name="UseStaticFiles" signature="(Microsoft.AspNetCore.Builder.WebApplication)" line-rate="0.9090909090909091" branch-rate="0.5" complexity="2">
              <lines>
                <line number="27" hits="62" branch="false" />
                <line number="29" hits="62" branch="true" condition-coverage="50% (2/4)" />
                <line number="31" hits="0" branch="false" />
                <line number="34" hits="62" branch="false" />
                <line number="36" hits="62" branch="false" />
                <line number="38" hits="62" branch="false" />
                <line number="39" hits="62" branch="false" />
                <line number="40" hits="62" branch="false" />
                <line number="41" hits="62" branch="false" />
                <line number="42" hits="62" branch="false" />
                <line number="44" hits="62" branch="false" />
              </lines>
            </method>
          </methods>
          <lines>
            <line number="27" hits="62" branch="false" />
            <line number="29" hits="62" branch="true" condition-coverage="50% (2/4)" />
            <line number="31" hits="0" branch="false" />
            <line number="34" hits="62" branch="false" />
            <line number="36" hits="62" branch="false" />
            <line number="38" hits="62" branch="false" />
            <line number="39" hits="62" branch="false" />
            <line number="40" hits="62" branch="false" />
            <line number="41" hits="62" branch="false" />
            <line number="42" hits="62" branch="false" />
            <line number="44" hits="62" branch="false" />
          </lines>
        </class>
        <class name="Ombor.API.Filters.EnumSchemaFilter" filename="/home/runner/work/Ombor.API/Ombor.API/src/Ombor.API/Filters/EnumSchemaFilter.cs" line-rate="0" branch-rate="0" complexity="4">
          <methods>
            <method name="Apply" signature="(Microsoft.OpenApi.Models.OpenApiSchema,Swashbuckle.AspNetCore.SwaggerGen.SchemaFilterContext)" line-rate="0" branch-rate="0" complexity="2">
              <lines>
                <line number="11" hits="0" branch="true" condition-coverage="0% (0/4)" />
                <line number="13" hits="0" branch="false" />
                <line number="14" hits="0" branch="false" />
                <line number="15" hits="0" branch="false" />
                <line number="16" hits="0" branch="false" />
                <line number="18" hits="0" branch="false" />
                <line number="19" hits="0" branch="false" />
                <line number="21" hits="0" branch="false" />
              </lines>
            </method>
            <method name="Apply" signature="(Microsoft.OpenApi.Models.OpenApiSchema,Swashbuckle.AspNetCore.SwaggerGen.SchemaFilterContext)" line-rate="0" branch-rate="0" complexity="2">
              <lines>
                <line number="11" hits="0" branch="true" condition-coverage="0% (0/4)" />
                <line number="13" hits="0" branch="false" />
                <line number="14" hits="0" branch="false" />
                <line number="15" hits="0" branch="false" />
                <line number="16" hits="0" branch="false" />
                <line number="18" hits="0" branch="false" />
                <line number="19" hits="0" branch="false" />
                <line number="21" hits="0" branch="false" />
              </lines>
            </method>
          </methods>
          <lines>
            <line number="11" hits="0" branch="true" condition-coverage="0% (0/4)" />
            <line number="13" hits="0" branch="false" />
            <line number="14" hits="0" branch="false" />
            <line number="15" hits="0" branch="false" />
            <line number="16" hits="0" branch="false" />
            <line number="18" hits="0" branch="false" />
            <line number="19" hits="0" branch="false" />
            <line number="21" hits="0" branch="false" />
          </lines>
        </class>
      </classes>
    </package>
    <package name="Ombor.Application" line-rate="0.6994342291371994" branch-rate="0.44545454545454544" complexity="990">
      <classes>
        <class name="Ombor.Application.Configurations.JwtSettings" filename="/home/runner/work/Ombor.API/Ombor.API/src/Ombor.Application/Configurations/JwtSettings.cs" line-rate="1" branch-rate="1" complexity="1">
          <methods>
            <method name="get_SecurityKey" signature="()" line-rate="1" branch-rate="1" complexity="1">
              <lines>
                <line number="11" hits="62" branch="false" />
              </lines>
            </method>
            <method name="SecurityKey" signature="()" line-rate="1" branch-rate="1" complexity="NaN">
              <lines>
                <line number="11" hits="62" branch="false" />
              </lines>
            </method>
          </methods>
          <lines>
            <line number="11" hits="62" branch="false" />
          </lines>
        </class>
        <class name="Ombor.Application.Extensions.DependencyInjection" filename="/home/runner/work/Ombor.API/Ombor.API/src/Ombor.Application/Extensions/DependencyInjection.cs" line-rate="1" branch-rate="1" complexity="5">
          <methods>
            <method name="get_CurrentAssembly" signature="()" line-rate="1" branch-rate="1" complexity="1">
              <lines>
                <line number="18" hits="62" branch="false" />
              </lines>
            </method>
            <method name="AddApplication" signature="(Microsoft.Extensions.DependencyInjection.IServiceCollection,Microsoft.Extensions.Configuration.IConfiguration)" line-rate="1" branch-rate="1" complexity="1">
              <lines>
                <line number="28" hits="62" branch="false" />
                <line number="29" hits="62" branch="false" />
                <line number="31" hits="62" branch="false" />
                <line number="32" hits="62" branch="false" />
                <line number="33" hits="62" branch="false" />
                <line number="34" hits="62" branch="false" />
                <line number="35" hits="62" branch="false" />
                <line number="36" hits="62" branch="false" />
                <line number="37" hits="62" branch="false" />
                <line number="38" hits="62" branch="false" />
                <line number="39" hits="62" branch="false" />
                <line number="40" hits="62" branch="false" />
                <line number="41" hits="62" branch="false" />
                <line number="42" hits="62" branch="false" />
                <line number="43" hits="62" branch="false" />
                <line number="44" hits="62" branch="false" />
                <line number="46" hits="62" branch="false" />
                <line number="48" hits="62" branch="false" />
              </lines>
            </method>
            <method name="AddConfigurations" signature="(Microsoft.Extensions.DependencyInjection.IServiceCollection,Microsoft.Extensions.Configuration.IConfiguration)" line-rate="1" branch-rate="1" complexity="1">
              <lines>
                <line number="53" hits="62" branch="false" />
                <line number="54" hits="62" branch="false" />
                <line number="55" hits="62" branch="false" />
                <line number="56" hits="62" branch="false" />
                <line number="58" hits="62" branch="false" />
                <line number="59" hits="62" branch="false" />
                <line number="60" hits="62" branch="false" />
                <line number="61" hits="62" branch="false" />
                <line number="63" hits="62" branch="false" />
                <line number="64" hits="62" branch="false" />
                <line number="65" hits="62" branch="false" />
                <line number="66" hits="62" branch="false" />
                <line number="68" hits="62" branch="false" />
              </lines>
            </method>
            <method name="CurrentAssembly" signature="()" line-rate="1" branch-rate="1" complexity="NaN">
              <lines>
                <line number="18" hits="62" branch="false" />
              </lines>
            </method>
            <method name="AddApplication" signature="(Microsoft.Extensions.DependencyInjection.IServiceCollection,Microsoft.Extensions.Configuration.IConfiguration)" line-rate="1" branch-rate="1" complexity="1">
              <lines>
                <line number="28" hits="62" branch="false" />
                <line number="29" hits="62" branch="false" />
                <line number="31" hits="62" branch="false" />
                <line number="32" hits="62" branch="false" />
                <line number="33" hits="62" branch="false" />
                <line number="34" hits="62" branch="false" />
                <line number="35" hits="62" branch="false" />
                <line number="36" hits="62" branch="false" />
                <line number="37" hits="62" branch="false" />
                <line number="38" hits="62" branch="false" />
                <line number="39" hits="62" branch="false" />
                <line number="40" hits="62" branch="false" />
                <line number="41" hits="62" branch="false" />
                <line number="42" hits="62" branch="false" />
                <line number="43" hits="62" branch="false" />
                <line number="44" hits="62" branch="false" />
                <line number="46" hits="62" branch="false" />
                <line number="48" hits="62" branch="false" />
              </lines>
            </method>
            <method name="AddConfigurations" signature="(Microsoft.Extensions.DependencyInjection.IServiceCollection,Microsoft.Extensions.Configuration.IConfiguration)" line-rate="1" branch-rate="1" complexity="1">
              <lines>
                <line number="53" hits="62" branch="false" />
                <line number="54" hits="62" branch="false" />
                <line number="55" hits="62" branch="false" />
                <line number="56" hits="62" branch="false" />
                <line number="58" hits="62" branch="false" />
                <line number="59" hits="62" branch="false" />
                <line number="60" hits="62" branch="false" />
                <line number="61" hits="62" branch="false" />
                <line number="63" hits="62" branch="false" />
                <line number="64" hits="62" branch="false" />
                <line number="65" hits="62" branch="false" />
                <line number="66" hits="62" branch="false" />
                <line number="68" hits="62" branch="false" />
              </lines>
            </method>
          </methods>
          <lines>
            <line number="18" hits="62" branch="false" />
            <line number="28" hits="62" branch="false" />
            <line number="29" hits="62" branch="false" />
            <line number="31" hits="62" branch="false" />
            <line number="32" hits="62" branch="false" />
            <line number="33" hits="62" branch="false" />
            <line number="34" hits="62" branch="false" />
            <line number="35" hits="62" branch="false" />
            <line number="36" hits="62" branch="false" />
            <line number="37" hits="62" branch="false" />
            <line number="38" hits="62" branch="false" />
            <line number="39" hits="62" branch="false" />
            <line number="40" hits="62" branch="false" />
            <line number="41" hits="62" branch="false" />
            <line number="42" hits="62" branch="false" />
            <line number="43" hits="62" branch="false" />
            <line number="44" hits="62" branch="false" />
            <line number="46" hits="62" branch="false" />
            <line number="48" hits="62" branch="false" />
            <line number="53" hits="62" branch="false" />
            <line number="54" hits="62" branch="false" />
            <line number="55" hits="62" branch="false" />
            <line number="56" hits="62" branch="false" />
            <line number="58" hits="62" branch="false" />
            <line number="59" hits="62" branch="false" />
            <line number="60" hits="62" branch="false" />
            <line number="61" hits="62" branch="false" />
            <line number="63" hits="62" branch="false" />
            <line number="64" hits="62" branch="false" />
            <line number="65" hits="62" branch="false" />
            <line number="66" hits="62" branch="false" />
            <line number="68" hits="62" branch="false" />
          </lines>
        </class>
        <class name="Ombor.Application.Extensions.EnumExtensions" filename="/home/runner/work/Ombor.API/Ombor.API/src/Ombor.Application/Extensions/EnumExtensions.cs" line-rate="0.5405405405405406" branch-rate="0.4583333333333333" complexity="48">
          <methods>
            <method name="ToDomainStatus" signature="(Ombor.Contracts.Enums.TransactionStatus)" line-rate="0" branch-rate="0" complexity="2">
              <lines>
                <line number="7" hits="0" branch="true" condition-coverage="0% (0/4)" />
                <line number="9" hits="0" branch="false" />
                <line number="12" hits="0" branch="false" />
              </lines>
            </method>
            <method name="ToDomainType" signature="(Ombor.Contracts.Enums.TransactionType)" line-rate="0.6666666666666666" branch-rate="0.5" complexity="2">
              <lines>
                <line number="17" hits="40" branch="true" condition-coverage="50% (2/4)" />
                <line number="19" hits="40" branch="false" />
                <line number="22" hits="0" branch="false" />
              </lines>
            </method>
            <method name="GetPaymentDirection" signature="(Ombor.Contracts.Enums.TransactionType)" line-rate="0.875" branch-rate="0.8" complexity="5">
              <lines>
                <line number="26" hits="16" branch="true" condition-coverage="80% (8/10)" />
                <line number="27" hits="16" branch="false" />
                <line number="28" hits="16" branch="false" />
                <line number="29" hits="8" branch="false" />
                <line number="30" hits="16" branch="false" />
                <line number="31" hits="8" branch="false" />
                <line number="32" hits="0" branch="false" />
                <line number="33" hits="16" branch="false" />
              </lines>
            </method>
            <method name="GetPaymentDirection" signature="(Ombor.Domain.Enums.TransactionType)" line-rate="0.875" branch-rate="0.8" complexity="5">
              <lines>
                <line number="36" hits="40" branch="true" condition-coverage="80% (8/10)" />
                <line number="37" hits="40" branch="false" />
                <line number="38" hits="40" branch="false" />
                <line number="39" hits="20" branch="false" />
                <line number="40" hits="40" branch="false" />
                <line number="41" hits="20" branch="false" />
                <line number="42" hits="0" branch="false" />
                <line number="43" hits="40" branch="false" />
              </lines>
            </method>
            <method name="ToDomainPaymentMethod" signature="(Ombor.Contracts.Enums.PaymentMethod)" line-rate="0.6666666666666666" branch-rate="0.5" complexity="2">
              <lines>
                <line number="47" hits="48" branch="true" condition-coverage="50% (2/4)" />
                <line number="49" hits="48" branch="false" />
                <line number="52" hits="0" branch="false" />
              </lines>
            </method>
            <method name="ToPaymentAllocationType" signature="(Ombor.Domain.Enums.TransactionType)" line-rate="0.6666666666666666" branch-rate="0.5" complexity="2">
              <lines>
                <line number="57" hits="44" branch="true" condition-coverage="50% (2/4)" />
                <line number="59" hits="44" branch="false" />
                <line number="62" hits="0" branch="false" />
              </lines>
            </method>
            <method name="ToDomainType" signature="(Ombor.Contracts.Enums.PaymentType)" line-rate="0" branch-rate="0" complexity="2">
              <lines>
                <line number="67" hits="0" branch="true" condition-coverage="0% (0/4)" />
                <line number="69" hits="0" branch="false" />
                <line number="72" hits="0" branch="false" />
              </lines>
            </method>
            <method name="ToDomainType" signature="(Ombor.Domain.Enums.PaymentAllocationType)" line-rate="0" branch-rate="0" complexity="2">
              <lines>
                <line number="77" hits="0" branch="true" condition-coverage="0% (0/4)" />
                <line number="79" hits="0" branch="false" />
                <line number="81" hits="0" branch="false" />
              </lines>
            </method>
            <method name="ToDomainDirection" signature="(Ombor.Contracts.Enums.PaymentDirection)" line-rate="0" branch-rate="0" complexity="2">
              <lines>
                <line number="86" hits="0" branch="true" condition-coverage="0% (0/4)" />
                <line number="88" hits="0" branch="false" />
                <line number="91" hits="0" branch="false" />
              </lines>
            </method>
            <method name="ToDomainStatus" signature="(Ombor.Contracts.Enums.TransactionStatus)" line-rate="0" branch-rate="0" complexity="2">
              <lines>
                <line number="7" hits="0" branch="true" condition-coverage="0% (0/4)" />
                <line number="9" hits="0" branch="false" />
                <line number="12" hits="0" branch="false" />
              </lines>
            </method>
            <method name="ToDomainType" signature="(Ombor.Contracts.Enums.TransactionType)" line-rate="0.6666666666666666" branch-rate="0.5" complexity="2">
              <lines>
                <line number="17" hits="40" branch="true" condition-coverage="50% (2/4)" />
                <line number="19" hits="40" branch="false" />
                <line number="22" hits="0" branch="false" />
              </lines>
            </method>
            <method name="GetPaymentDirection" signature="(Ombor.Contracts.Enums.TransactionType)" line-rate="0.875" branch-rate="0.8" complexity="5">
              <lines>
                <line number="26" hits="16" branch="true" condition-coverage="80% (8/10)" />
                <line number="27" hits="16" branch="false" />
                <line number="28" hits="16" branch="false" />
                <line number="29" hits="8" branch="false" />
                <line number="30" hits="16" branch="false" />
                <line number="31" hits="8" branch="false" />
                <line number="32" hits="0" branch="false" />
                <line number="33" hits="16" branch="false" />
              </lines>
            </method>
            <method name="GetPaymentDirection" signature="(Ombor.Domain.Enums.TransactionType)" line-rate="0.875" branch-rate="0.8" complexity="5">
              <lines>
                <line number="36" hits="40" branch="true" condition-coverage="80% (8/10)" />
                <line number="37" hits="40" branch="false" />
                <line number="38" hits="40" branch="false" />
                <line number="39" hits="20" branch="false" />
                <line number="40" hits="40" branch="false" />
                <line number="41" hits="20" branch="false" />
                <line number="42" hits="0" branch="false" />
                <line number="43" hits="40" branch="false" />
              </lines>
            </method>
            <method name="ToDomainPaymentMethod" signature="(Ombor.Contracts.Enums.PaymentMethod)" line-rate="0.6666666666666666" branch-rate="0.5" complexity="2">
              <lines>
                <line number="47" hits="48" branch="true" condition-coverage="50% (2/4)" />
                <line number="49" hits="48" branch="false" />
                <line number="52" hits="0" branch="false" />
              </lines>
            </method>
            <method name="ToPaymentAllocationType" signature="(Ombor.Domain.Enums.TransactionType)" line-rate="0.6666666666666666" branch-rate="0.5" complexity="2">
              <lines>
                <line number="57" hits="44" branch="true" condition-coverage="50% (2/4)" />
                <line number="59" hits="44" branch="false" />
                <line number="62" hits="0" branch="false" />
              </lines>
            </method>
            <method name="ToDomainType" signature="(Ombor.Contracts.Enums.PaymentType)" line-rate="0" branch-rate="0" complexity="2">
              <lines>
                <line number="67" hits="0" branch="true" condition-coverage="0% (0/4)" />
                <line number="69" hits="0" branch="false" />
                <line number="72" hits="0" branch="false" />
              </lines>
            </method>
            <method name="ToDomainType" signature="(Ombor.Domain.Enums.PaymentAllocationType)" line-rate="0" branch-rate="0" complexity="2">
              <lines>
                <line number="77" hits="0" branch="true" condition-coverage="0% (0/4)" />
                <line number="79" hits="0" branch="false" />
                <line number="81" hits="0" branch="false" />
              </lines>
            </method>
            <method name="ToDomainDirection" signature="(Ombor.Contracts.Enums.PaymentDirection)" line-rate="0" branch-rate="0" complexity="2">
              <lines>
                <line number="86" hits="0" branch="true" condition-coverage="0% (0/4)" />
                <line number="88" hits="0" branch="false" />
                <line number="91" hits="0" branch="false" />
              </lines>
            </method>
          </methods>
          <lines>
            <line number="7" hits="0" branch="true" condition-coverage="0% (0/4)" />
            <line number="9" hits="0" branch="false" />
            <line number="12" hits="0" branch="false" />
            <line number="17" hits="40" branch="true" condition-coverage="50% (2/4)" />
            <line number="19" hits="40" branch="false" />
            <line number="22" hits="0" branch="false" />
            <line number="26" hits="16" branch="true" condition-coverage="80% (8/10)" />
            <line number="27" hits="16" branch="false" />
            <line number="28" hits="16" branch="false" />
            <line number="29" hits="8" branch="false" />
            <line number="30" hits="16" branch="false" />
            <line number="31" hits="8" branch="false" />
            <line number="32" hits="0" branch="false" />
            <line number="33" hits="16" branch="false" />
            <line number="36" hits="40" branch="true" condition-coverage="80% (8/10)" />
            <line number="37" hits="40" branch="false" />
            <line number="38" hits="40" branch="false" />
            <line number="39" hits="20" branch="false" />
            <line number="40" hits="40" branch="false" />
            <line number="41" hits="20" branch="false" />
            <line number="42" hits="0" branch="false" />
            <line number="43" hits="40" branch="false" />
            <line number="47" hits="48" branch="true" condition-coverage="50% (2/4)" />
            <line number="49" hits="48" branch="false" />
            <line number="52" hits="0" branch="false" />
            <line number="57" hits="44" branch="true" condition-coverage="50% (2/4)" />
            <line number="59" hits="44" branch="false" />
            <line number="62" hits="0" branch="false" />
            <line number="67" hits="0" branch="true" condition-coverage="0% (0/4)" />
            <line number="69" hits="0" branch="false" />
            <line number="72" hits="0" branch="false" />
            <line number="77" hits="0" branch="true" condition-coverage="0% (0/4)" />
            <line number="79" hits="0" branch="false" />
            <line number="81" hits="0" branch="false" />
            <line number="86" hits="0" branch="true" condition-coverage="0% (0/4)" />
            <line number="88" hits="0" branch="false" />
            <line number="91" hits="0" branch="false" />
          </lines>
        </class>
        <class name="Ombor.Application.Extensions.FormFileExtensions" filename="/home/runner/work/Ombor.API/Ombor.API/src/Ombor.Application/Extensions/FormFileExtensions.cs" line-rate="1" branch-rate="1" complexity="2">
          <methods>
            <method name="GetNormalizedFileExtension" signature="(Microsoft.AspNetCore.Http.IFormFile)" line-rate="1" branch-rate="1" complexity="1">
              <lines>
                <line number="9" hits="46" branch="false" />
                <line number="10" hits="46" branch="false" />
                <line number="12" hits="46" branch="false" />
                <line number="14" hits="46" branch="false" />
              </lines>
            </method>
            <method name="GetNormalizedFileExtension" signature="(Microsoft.AspNetCore.Http.IFormFile)" line-rate="1" branch-rate="1" complexity="1">
              <lines>
                <line number="9" hits="46" branch="false" />
                <line number="10" hits="46" branch="false" />
                <line number="12" hits="46" branch="false" />
                <line number="14" hits="46" branch="false" />
              </lines>
            </method>
          </methods>
          <lines>
            <line number="9" hits="46" branch="false" />
            <line number="10" hits="46" branch="false" />
            <line number="12" hits="46" branch="false" />
            <line number="14" hits="46" branch="false" />
          </lines>
        </class>
        <class name="Ombor.Application.Extensions.PartnerExtensions" filename="/home/runner/work/Ombor.API/Ombor.API/src/Ombor.Application/Extensions/PartnerExtensions.cs" line-rate="0.6" branch-rate="0.25" complexity="16">
          <methods>
            <method name="CanHandleTransaction" signature="(Ombor.Domain.Entities.Partner,Ombor.Contracts.Enums.TransactionType)" line-rate="0.6" branch-rate="0.25" complexity="8">
              <lines>
                <line number="10" hits="40" branch="true" condition-coverage="50% (2/4)" />
                <line number="12" hits="0" branch="true" condition-coverage="0% (0/4)" />
                <line number="15" hits="40" branch="true" condition-coverage="50% (2/4)" />
                <line number="17" hits="0" branch="true" condition-coverage="0% (0/4)" />
                <line number="20" hits="40" branch="false" />
              </lines>
            </method>
            <method name="CanHandleTransaction" signature="(Ombor.Domain.Entities.Partner,Ombor.Contracts.Enums.TransactionType)" line-rate="0.6" branch-rate="0.25" complexity="8">
              <lines>
                <line number="10" hits="40" branch="true" condition-coverage="50% (2/4)" />
                <line number="12" hits="0" branch="true" condition-coverage="0% (0/4)" />
                <line number="15" hits="40" branch="true" condition-coverage="50% (2/4)" />
                <line number="17" hits="0" branch="true" condition-coverage="0% (0/4)" />
                <line number="20" hits="40" branch="false" />
              </lines>
            </method>
          </methods>
          <lines>
            <line number="10" hits="40" branch="true" condition-coverage="50% (2/4)" />
            <line number="12" hits="0" branch="true" condition-coverage="0% (0/4)" />
            <line number="15" hits="40" branch="true" condition-coverage="50% (2/4)" />
            <line number="17" hits="0" branch="true" condition-coverage="0% (0/4)" />
            <line number="20" hits="40" branch="false" />
          </lines>
        </class>
        <class name="Ombor.Application.Extensions.RequestExtensions" filename="/home/runner/work/Ombor.API/Ombor.API/src/Ombor.Application/Extensions/RequestExtensions.cs" line-rate="1" branch-rate="1" complexity="2">
          <methods>
            <method name="ToPaymentRequest" signature="(Ombor.Contracts.Requests.Transaction.CreateTransactionRequest,System.Int32)" line-rate="1" branch-rate="1" complexity="1">
              <lines>
                <line number="10" hits="40" branch="false" />
                <line number="11" hits="40" branch="false" />
                <line number="12" hits="40" branch="false" />
                <line number="13" hits="40" branch="false" />
                <line number="14" hits="40" branch="false" />
                <line number="15" hits="40" branch="false" />
                <line number="16" hits="40" branch="false" />
              </lines>
            </method>
            <method name="ToPaymentRequest" signature="(Ombor.Contracts.Requests.Transaction.CreateTransactionRequest,System.Int32)" line-rate="1" branch-rate="1" complexity="1">
              <lines>
                <line number="10" hits="40" branch="false" />
                <line number="11" hits="40" branch="false" />
                <line number="12" hits="40" branch="false" />
                <line number="13" hits="40" branch="false" />
                <line number="14" hits="40" branch="false" />
                <line number="15" hits="40" branch="false" />
                <line number="16" hits="40" branch="false" />
              </lines>
            </method>
          </methods>
          <lines>
            <line number="10" hits="40" branch="false" />
            <line number="11" hits="40" branch="false" />
            <line number="12" hits="40" branch="false" />
            <line number="13" hits="40" branch="false" />
            <line number="14" hits="40" branch="false" />
            <line number="15" hits="40" branch="false" />
            <line number="16" hits="40" branch="false" />
          </lines>
        </class>
        <class name="Ombor.Application.Extensions.TransactionExtensions" filename="/home/runner/work/Ombor.API/Ombor.API/src/Ombor.Application/Extensions/TransactionExtensions.cs" line-rate="0.8" branch-rate="0.6666666666666666" complexity="12">
          <methods>
            <method name="AddPayment" signature="(Ombor.Domain.Entities.TransactionRecord,System.Decimal)" line-rate="0.8" branch-rate="0.6666666666666666" complexity="6">
              <lines>
                <line number="9" hits="44" branch="false" />
                <line number="11" hits="44" branch="true" condition-coverage="50% (2/4)" />
                <line number="13" hits="0" branch="false" />
                <line number="16" hits="44" branch="true" condition-coverage="50% (2/4)" />
                <line number="18" hits="0" branch="false" />
                <line number="21" hits="44" branch="false" />
                <line number="23" hits="44" branch="true" condition-coverage="100% (4/4)" />
                <line number="25" hits="12" branch="false" />
                <line number="29" hits="32" branch="false" />
                <line number="31" hits="32" branch="false" />
              </lines>
            </method>
            <method name="AddPayment" signature="(Ombor.Domain.Entities.TransactionRecord,System.Decimal)" line-rate="0.8" branch-rate="0.6666666666666666" complexity="6">
              <lines>
                <line number="9" hits="44" branch="false" />
                <line number="11" hits="44" branch="true" condition-coverage="50% (2/4)" />
                <line number="13" hits="0" branch="false" />
                <line number="16" hits="44" branch="true" condition-coverage="50% (2/4)" />
                <line number="18" hits="0" branch="false" />
                <line number="21" hits="44" branch="false" />
                <line number="23" hits="44" branch="true" condition-coverage="100% (4/4)" />
                <line number="25" hits="12" branch="false" />
                <line number="29" hits="32" branch="false" />
                <line number="31" hits="32" branch="false" />
              </lines>
            </method>
          </methods>
          <lines>
            <line number="9" hits="44" branch="false" />
            <line number="11" hits="44" branch="true" condition-coverage="50% (2/4)" />
            <line number="13" hits="0" branch="false" />
            <line number="16" hits="44" branch="true" condition-coverage="50% (2/4)" />
            <line number="18" hits="0" branch="false" />
            <line number="21" hits="44" branch="false" />
            <line number="23" hits="44" branch="true" condition-coverage="100% (4/4)" />
            <line number="25" hits="12" branch="false" />
            <line number="29" hits="32" branch="false" />
            <line number="31" hits="32" branch="false" />
          </lines>
        </class>
        <class name="Ombor.Application.Helpers.ImageHelper" filename="/home/runner/work/Ombor.API/Ombor.API/src/Ombor.Application/Helpers/ImageHelper.cs" line-rate="1" branch-rate="1" complexity="20">
          <methods>
            <method name="GetThumbnailFormat" signature="(System.String)" line-rate="1" branch-rate="1" complexity="10">
              <lines>
                <line number="9" hits="104" branch="false" />
                <line number="11" hits="96" branch="true" condition-coverage="100% (20/20)" />
                <line number="12" hits="96" branch="false" />
                <line number="13" hits="6" branch="false" />
                <line number="14" hits="76" branch="false" />
                <line number="15" hits="4" branch="false" />
                <line number="16" hits="4" branch="false" />
                <line number="17" hits="6" branch="false" />
                <line number="18" hits="96" branch="false" />
              </lines>
            </method>
            <method name="GetThumbnailFormat" signature="(System.String)" line-rate="1" branch-rate="1" complexity="10">
              <lines>
                <line number="9" hits="104" branch="false" />
                <line number="11" hits="96" branch="true" condition-coverage="100% (20/20)" />
                <line number="12" hits="96" branch="false" />
                <line number="13" hits="6" branch="false" />
                <line number="14" hits="76" branch="false" />
                <line number="15" hits="4" branch="false" />
                <line number="16" hits="4" branch="false" />
                <line number="17" hits="6" branch="false" />
                <line number="18" hits="96" branch="false" />
              </lines>
            </method>
          </methods>
          <lines>
            <line number="9" hits="104" branch="false" />
            <line number="11" hits="96" branch="true" condition-coverage="100% (20/20)" />
            <line number="12" hits="96" branch="false" />
            <line number="13" hits="6" branch="false" />
            <line number="14" hits="76" branch="false" />
            <line number="15" hits="4" branch="false" />
            <line number="16" hits="4" branch="false" />
            <line number="17" hits="6" branch="false" />
            <line number="18" hits="96" branch="false" />
          </lines>
        </class>
        <class name="Ombor.Application.Mappings.CategoryMappings" filename="/home/runner/work/Ombor.API/Ombor.API/src/Ombor.Application/Mappings/CategoryMappings.cs" line-rate="1" branch-rate="1" complexity="10">
          <methods>
            <method name="ToDto" signature="(Ombor.Domain.Entities.Category)" line-rate="1" branch-rate="1" complexity="1">
              <lines>
                <line number="10" hits="54" branch="false" />
                <line number="11" hits="54" branch="false" />
                <line number="12" hits="54" branch="false" />
              </lines>
            </method>
            <method name="ToEntity" signature="(Ombor.Contracts.Requests.Category.CreateCategoryRequest)" line-rate="1" branch-rate="1" complexity="1">
              <lines>
                <line number="15" hits="6" branch="false" />
                <line number="16" hits="6" branch="false" />
                <line number="17" hits="6" branch="false" />
                <line number="18" hits="6" branch="false" />
                <line number="19" hits="6" branch="false" />
              </lines>
            </method>
            <method name="ToCreateResponse" signature="(Ombor.Domain.Entities.Category)" line-rate="1" branch-rate="1" complexity="1">
              <lines>
                <line number="22" hits="6" branch="false" />
                <line number="23" hits="6" branch="false" />
                <line number="24" hits="6" branch="false" />
              </lines>
            </method>
            <method name="ToUpdateResponse" signature="(Ombor.Domain.Entities.Category)" line-rate="1" branch-rate="1" complexity="1">
              <lines>
                <line number="27" hits="6" branch="false" />
                <line number="28" hits="6" branch="false" />
                <line number="29" hits="6" branch="false" />
              </lines>
            </method>
            <method name="ApplyUpdate" signature="(Ombor.Domain.Entities.Category,Ombor.Contracts.Requests.Category.UpdateCategoryRequest)" line-rate="1" branch-rate="1" complexity="1">
              <lines>
                <line number="33" hits="6" branch="false" />
                <line number="34" hits="6" branch="false" />
                <line number="35" hits="6" branch="false" />
              </lines>
            </method>
            <method name="ToDto" signature="(Ombor.Domain.Entities.Category)" line-rate="1" branch-rate="1" complexity="1">
              <lines>
                <line number="10" hits="54" branch="false" />
                <line number="11" hits="54" branch="false" />
                <line number="12" hits="54" branch="false" />
              </lines>
            </method>
            <method name="ToEntity" signature="(Ombor.Contracts.Requests.Category.CreateCategoryRequest)" line-rate="1" branch-rate="1" complexity="1">
              <lines>
                <line number="15" hits="6" branch="false" />
                <line number="16" hits="6" branch="false" />
                <line number="17" hits="6" branch="false" />
                <line number="18" hits="6" branch="false" />
                <line number="19" hits="6" branch="false" />
              </lines>
            </method>
            <method name="ToCreateResponse" signature="(Ombor.Domain.Entities.Category)" line-rate="1" branch-rate="1" complexity="1">
              <lines>
                <line number="22" hits="6" branch="false" />
                <line number="23" hits="6" branch="false" />
                <line number="24" hits="6" branch="false" />
              </lines>
            </method>
            <method name="ToUpdateResponse" signature="(Ombor.Domain.Entities.Category)" line-rate="1" branch-rate="1" complexity="1">
              <lines>
                <line number="27" hits="6" branch="false" />
                <line number="28" hits="6" branch="false" />
                <line number="29" hits="6" branch="false" />
              </lines>
            </method>
            <method name="ApplyUpdate" signature="(Ombor.Domain.Entities.Category,Ombor.Contracts.Requests.Category.UpdateCategoryRequest)" line-rate="1" branch-rate="1" complexity="1">
              <lines>
                <line number="33" hits="6" branch="false" />
                <line number="34" hits="6" branch="false" />
                <line number="35" hits="6" branch="false" />
              </lines>
            </method>
          </methods>
          <lines>
            <line number="10" hits="54" branch="false" />
            <line number="11" hits="54" branch="false" />
            <line number="12" hits="54" branch="false" />
            <line number="15" hits="6" branch="false" />
            <line number="16" hits="6" branch="false" />
            <line number="17" hits="6" branch="false" />
            <line number="18" hits="6" branch="false" />
            <line number="19" hits="6" branch="false" />
            <line number="22" hits="6" branch="false" />
            <line number="23" hits="6" branch="false" />
            <line number="24" hits="6" branch="false" />
            <line number="27" hits="6" branch="false" />
            <line number="28" hits="6" branch="false" />
            <line number="29" hits="6" branch="false" />
            <line number="33" hits="6" branch="false" />
            <line number="34" hits="6" branch="false" />
            <line number="35" hits="6" branch="false" />
          </lines>
        </class>
        <class name="Ombor.Application.Mappings.EmployeeMappings" filename="/home/runner/work/Ombor.API/Ombor.API/src/Ombor.Application/Mappings/EmployeeMappings.cs" line-rate="1" branch-rate="0.5714285714285714" complexity="28">
          <methods>
            <method name="ToDto" signature="(Ombor.Domain.Entities.Employee)" line-rate="1" branch-rate="1" complexity="2">
              <lines>
                <line number="11" hits="68" branch="true" condition-coverage="100% (4/4)" />
                <line number="12" hits="68" branch="false" />
                <line number="13" hits="68" branch="false" />
                <line number="14" hits="68" branch="false" />
                <line number="15" hits="68" branch="false" />
                <line number="16" hits="68" branch="false" />
                <line number="17" hits="68" branch="false" />
                <line number="18" hits="68" branch="false" />
              </lines>
            </method>
            <method name="ToEntity" signature="(Ombor.Contracts.Requests.Employee.CreateEmployeeRequest)" line-rate="1" branch-rate="0.5" complexity="2">
              <lines>
                <line number="21" hits="2" branch="true" condition-coverage="50% (2/4)" />
                <line number="22" hits="2" branch="false" />
                <line number="23" hits="2" branch="false" />
                <line number="24" hits="2" branch="false" />
                <line number="25" hits="2" branch="false" />
                <line number="26" hits="2" branch="false" />
                <line number="27" hits="2" branch="false" />
                <line number="28" hits="2" branch="false" />
                <line number="29" hits="2" branch="false" />
              </lines>
            </method>
            <method name="ToCreateResponse" signature="(Ombor.Domain.Entities.Employee)" line-rate="1" branch-rate="0.5" complexity="2">
              <lines>
                <line number="32" hits="2" branch="true" condition-coverage="50% (2/4)" />
                <line number="33" hits="2" branch="false" />
                <line number="34" hits="2" branch="false" />
                <line number="35" hits="2" branch="false" />
                <line number="36" hits="2" branch="false" />
                <line number="37" hits="2" branch="false" />
                <line number="38" hits="2" branch="false" />
                <line number="39" hits="2" branch="false" />
              </lines>
            </method>
            <method name="ToUpdateResponse" signature="(Ombor.Domain.Entities.Employee)" line-rate="1" branch-rate="0.5" complexity="2">
              <lines>
                <line number="42" hits="2" branch="true" condition-coverage="50% (2/4)" />
                <line number="43" hits="2" branch="false" />
                <line number="44" hits="2" branch="false" />
                <line number="45" hits="2" branch="false" />
                <line number="46" hits="2" branch="false" />
                <line number="47" hits="2" branch="false" />
                <line number="48" hits="2" branch="false" />
                <line number="49" hits="2" branch="false" />
              </lines>
            </method>
            <method name="ApplyUpdate" signature="(Ombor.Domain.Entities.Employee,Ombor.Contracts.Requests.Employee.UpdateEmployeeRequest)" line-rate="1" branch-rate="0.5" complexity="2">
              <lines>
                <line number="53" hits="2" branch="false" />
                <line number="54" hits="2" branch="false" />
                <line number="55" hits="2" branch="false" />
                <line number="56" hits="2" branch="false" />
                <line number="57" hits="2" branch="false" />
                <line number="58" hits="2" branch="true" condition-coverage="50% (2/4)" />
                <line number="59" hits="2" branch="false" />
              </lines>
            </method>
            <method name="ToEntity" signature="(Ombor.Contracts.Common.ContactInfo)" line-rate="1" branch-rate="0.5" complexity="2">
              <lines>
                <line number="62" hits="4" branch="true" condition-coverage="50% (2/4)" />
                <line number="63" hits="4" branch="false" />
                <line number="64" hits="4" branch="false" />
                <line number="65" hits="4" branch="false" />
                <line number="66" hits="4" branch="false" />
                <line number="67" hits="4" branch="false" />
                <line number="68" hits="4" branch="false" />
                <line number="69" hits="4" branch="false" />
                <line number="70" hits="4" branch="false" />
              </lines>
            </method>
            <method name="ToDto" signature="(Ombor.Domain.Common.ContactInfo)" line-rate="1" branch-rate="0.5" complexity="2">
              <lines>
                <line number="73" hits="14" branch="true" condition-coverage="50% (2/4)" />
                <line number="74" hits="14" branch="false" />
                <line number="75" hits="14" branch="false" />
                <line number="76" hits="14" branch="false" />
                <line number="77" hits="14" branch="false" />
                <line number="78" hits="14" branch="false" />
                <line number="79" hits="14" branch="false" />
              </lines>
            </method>
            <method name="ToDto" signature="(Ombor.Domain.Entities.Employee)" line-rate="1" branch-rate="1" complexity="2">
              <lines>
                <line number="11" hits="68" branch="true" condition-coverage="100% (4/4)" />
                <line number="12" hits="68" branch="false" />
                <line number="13" hits="68" branch="false" />
                <line number="14" hits="68" branch="false" />
                <line number="15" hits="68" branch="false" />
                <line number="16" hits="68" branch="false" />
                <line number="17" hits="68" branch="false" />
                <line number="18" hits="68" branch="false" />
              </lines>
            </method>
            <method name="ToEntity" signature="(Ombor.Contracts.Requests.Employee.CreateEmployeeRequest)" line-rate="1" branch-rate="0.5" complexity="2">
              <lines>
                <line number="21" hits="2" branch="true" condition-coverage="50% (2/4)" />
                <line number="22" hits="2" branch="false" />
                <line number="23" hits="2" branch="false" />
                <line number="24" hits="2" branch="false" />
                <line number="25" hits="2" branch="false" />
                <line number="26" hits="2" branch="false" />
                <line number="27" hits="2" branch="false" />
                <line number="28" hits="2" branch="false" />
                <line number="29" hits="2" branch="false" />
              </lines>
            </method>
            <method name="ToCreateResponse" signature="(Ombor.Domain.Entities.Employee)" line-rate="1" branch-rate="0.5" complexity="2">
              <lines>
                <line number="32" hits="2" branch="true" condition-coverage="50% (2/4)" />
                <line number="33" hits="2" branch="false" />
                <line number="34" hits="2" branch="false" />
                <line number="35" hits="2" branch="false" />
                <line number="36" hits="2" branch="false" />
                <line number="37" hits="2" branch="false" />
                <line number="38" hits="2" branch="false" />
                <line number="39" hits="2" branch="false" />
              </lines>
            </method>
            <method name="ToUpdateResponse" signature="(Ombor.Domain.Entities.Employee)" line-rate="1" branch-rate="0.5" complexity="2">
              <lines>
                <line number="42" hits="2" branch="true" condition-coverage="50% (2/4)" />
                <line number="43" hits="2" branch="false" />
                <line number="44" hits="2" branch="false" />
                <line number="45" hits="2" branch="false" />
                <line number="46" hits="2" branch="false" />
                <line number="47" hits="2" branch="false" />
                <line number="48" hits="2" branch="false" />
                <line number="49" hits="2" branch="false" />
              </lines>
            </method>
            <method name="ApplyUpdate" signature="(Ombor.Domain.Entities.Employee,Ombor.Contracts.Requests.Employee.UpdateEmployeeRequest)" line-rate="1" branch-rate="0.5" complexity="2">
              <lines>
                <line number="53" hits="2" branch="false" />
                <line number="54" hits="2" branch="false" />
                <line number="55" hits="2" branch="false" />
                <line number="56" hits="2" branch="false" />
                <line number="57" hits="2" branch="false" />
                <line number="58" hits="2" branch="true" condition-coverage="50% (2/4)" />
                <line number="59" hits="2" branch="false" />
              </lines>
            </method>
            <method name="ToEntity" signature="(Ombor.Contracts.Common.ContactInfo)" line-rate="1" branch-rate="0.5" complexity="2">
              <lines>
                <line number="62" hits="4" branch="true" condition-coverage="50% (2/4)" />
                <line number="63" hits="4" branch="false" />
                <line number="64" hits="4" branch="false" />
                <line number="65" hits="4" branch="false" />
                <line number="66" hits="4" branch="false" />
                <line number="67" hits="4" branch="false" />
                <line number="68" hits="4" branch="false" />
                <line number="69" hits="4" branch="false" />
                <line number="70" hits="4" branch="false" />
              </lines>
            </method>
            <method name="ToDto" signature="(Ombor.Domain.Common.ContactInfo)" line-rate="1" branch-rate="0.5" complexity="2">
              <lines>
                <line number="73" hits="14" branch="true" condition-coverage="50% (2/4)" />
                <line number="74" hits="14" branch="false" />
                <line number="75" hits="14" branch="false" />
[...]
                <line number="41" hits="0" branch="false" />
                <line number="42" hits="0" branch="false" />
                <line number="43" hits="0" branch="false" />
                <line number="44" hits="0" branch="false" />
                <line number="45" hits="0" branch="false" />
                <line number="46" hits="0" branch="false" />
                <line number="48" hits="0" branch="false" />
                <line number="50" hits="0" branch="false" />
              </lines>
            </method>
            <method name="GenerateRefreshToken" signature="()" line-rate="0" branch-rate="1" complexity="1">
              <lines>
                <line number="55" hits="0" branch="false" />
                <line number="56" hits="0" branch="false" />
                <line number="58" hits="0" branch="false" />
                <line number="60" hits="0" branch="false" />
                <line number="62" hits="0" branch="false" />
                <line number="63" hits="0" branch="false" />
              </lines>
            </method>
            <method name="GetCredentials" signature="()" line-rate="0" branch-rate="0" complexity="4">
              <lines>
                <line number="67" hits="0" branch="false" />
                <line number="69" hits="0" branch="true" condition-coverage="0% (0/4)" />
                <line number="71" hits="0" branch="false" />
                <line number="74" hits="0" branch="false" />
                <line number="76" hits="0" branch="true" condition-coverage="0% (0/4)" />
                <line number="78" hits="0" branch="false" />
                <line number="81" hits="0" branch="false" />
                <line number="82" hits="0" branch="false" />
                <line number="84" hits="0" branch="false" />
              </lines>
            </method>
            <method name=".ctor" signature="(Microsoft.Extensions.Options.IOptions`1&lt;Ombor.Application.Configurations.JwtSettings&gt;)" line-rate="0" branch-rate="1" complexity="1">
              <lines>
                <line number="15" hits="0" branch="false" />
              </lines>
            </method>
          </methods>
          <lines>
            <line number="15" hits="0" branch="false" />
            <line number="19" hits="0" branch="false" />
            <line number="20" hits="0" branch="false" />
            <line number="21" hits="0" branch="false" />
            <line number="22" hits="0" branch="false" />
            <line number="23" hits="0" branch="false" />
            <line number="25" hits="0" branch="true" condition-coverage="0% (0/4)" />
            <line number="27" hits="0" branch="false" />
            <line number="30" hits="0" branch="false" />
            <line number="31" hits="0" branch="false" />
            <line number="32" hits="0" branch="false" />
            <line number="33" hits="0" branch="false" />
            <line number="35" hits="0" branch="true" condition-coverage="0% (0/4)" />
            <line number="37" hits="0" branch="false" />
            <line number="40" hits="0" branch="false" />
            <line number="41" hits="0" branch="false" />
            <line number="42" hits="0" branch="false" />
            <line number="43" hits="0" branch="false" />
            <line number="44" hits="0" branch="false" />
            <line number="45" hits="0" branch="false" />
            <line number="46" hits="0" branch="false" />
            <line number="48" hits="0" branch="false" />
            <line number="50" hits="0" branch="false" />
            <line number="55" hits="0" branch="false" />
            <line number="56" hits="0" branch="false" />
            <line number="58" hits="0" branch="false" />
            <line number="60" hits="0" branch="false" />
            <line number="62" hits="0" branch="false" />
            <line number="63" hits="0" branch="false" />
            <line number="67" hits="0" branch="false" />
            <line number="69" hits="0" branch="true" condition-coverage="0% (0/4)" />
            <line number="71" hits="0" branch="false" />
            <line number="74" hits="0" branch="false" />
            <line number="76" hits="0" branch="true" condition-coverage="0% (0/4)" />
            <line number="78" hits="0" branch="false" />
            <line number="81" hits="0" branch="false" />
            <line number="82" hits="0" branch="false" />
            <line number="84" hits="0" branch="false" />
          </lines>
        </class>
        <class name="Ombor.Infrastructure.Services.LocalFilePathProvider" filename="/home/runner/work/Ombor.API/Ombor.API/src/Ombor.Infrastructure/Services/LocalFilePathProvider.cs" line-rate="1" branch-rate="1" complexity="6">
          <methods>
            <method name="BuildRelativePath" signature="(System.String,System.String,System.String)" line-rate="1" branch-rate="1" complexity="1">
              <lines>
                <line number="14" hits="50" branch="false" />
                <line number="15" hits="50" branch="false" />
                <line number="16" hits="50" branch="false" />
                <line number="18" hits="42" branch="false" />
              </lines>
            </method>
            <method name="BuildPublicUrl" signature="(System.String,System.String,System.String)" line-rate="1" branch-rate="1" complexity="1">
              <lines>
                <line number="23" hits="34" branch="false" />
                <line number="24" hits="34" branch="false" />
                <line number="25" hits="34" branch="false" />
                <line number="27" hits="26" branch="false" />
              </lines>
            </method>
            <method name=".ctor" signature="(Microsoft.Extensions.Options.IOptions`1&lt;Ombor.Application.Configurations.FileSettings&gt;)" line-rate="1" branch-rate="1" complexity="1">
              <lines>
                <line number="10" hits="58" branch="false" />
              </lines>
            </method>
            <method name="BuildRelativePath" signature="(System.String,System.String,System.String)" line-rate="1" branch-rate="1" complexity="1">
              <lines>
                <line number="14" hits="50" branch="false" />
                <line number="15" hits="50" branch="false" />
                <line number="16" hits="50" branch="false" />
                <line number="18" hits="42" branch="false" />
              </lines>
            </method>
            <method name="BuildPublicUrl" signature="(System.String,System.String,System.String)" line-rate="1" branch-rate="1" complexity="1">
              <lines>
                <line number="23" hits="34" branch="false" />
                <line number="24" hits="34" branch="false" />
                <line number="25" hits="34" branch="false" />
                <line number="27" hits="26" branch="false" />
              </lines>
            </method>
            <method name=".ctor" signature="(Microsoft.Extensions.Options.IOptions`1&lt;Ombor.Application.Configurations.FileSettings&gt;)" line-rate="1" branch-rate="1" complexity="1">
              <lines>
                <line number="10" hits="58" branch="false" />
              </lines>
            </method>
          </methods>
          <lines>
            <line number="10" hits="58" branch="false" />
            <line number="14" hits="50" branch="false" />
            <line number="15" hits="50" branch="false" />
            <line number="16" hits="50" branch="false" />
            <line number="18" hits="42" branch="false" />
            <line number="23" hits="34" branch="false" />
            <line number="24" hits="34" branch="false" />
            <line number="25" hits="34" branch="false" />
            <line number="27" hits="26" branch="false" />
          </lines>
        </class>
        <class name="Ombor.Infrastructure.Services.MemoryCache" filename="/home/runner/work/Ombor.API/Ombor.API/src/Ombor.Infrastructure/Services/MemoryCache.cs" line-rate="0" branch-rate="0" complexity="8">
          <methods>
            <method name="GetAsync" signature="(System.String)" line-rate="0" branch-rate="1" complexity="1">
              <lines>
                <line number="9" hits="0" branch="false" />
              </lines>
            </method>
            <method name="RemoveAsync" signature="(System.String)" line-rate="0" branch-rate="1" complexity="1">
              <lines>
                <line number="13" hits="0" branch="false" />
                <line number="15" hits="0" branch="false" />
              </lines>
            </method>
            <method name="SetAsync" signature="(System.String,T,System.Nullable`1&lt;System.TimeSpan&gt;)" line-rate="0" branch-rate="0" complexity="2">
              <lines>
                <line number="20" hits="0" branch="true" condition-coverage="0% (0/4)" />
                <line number="22" hits="0" branch="false" />
                <line number="26" hits="0" branch="false" />
                <line number="29" hits="0" branch="false" />
              </lines>
            </method>
            <method name="GetAsync" signature="(System.String)" line-rate="0" branch-rate="1" complexity="1">
              <lines>
                <line number="9" hits="0" branch="false" />
              </lines>
            </method>
            <method name="RemoveAsync" signature="(System.String)" line-rate="0" branch-rate="1" complexity="1">
              <lines>
                <line number="13" hits="0" branch="false" />
                <line number="15" hits="0" branch="false" />
              </lines>
            </method>
            <method name="SetAsync" signature="(System.String,T,System.Nullable`1&lt;System.TimeSpan&gt;)" line-rate="0" branch-rate="0" complexity="2">
              <lines>
                <line number="20" hits="0" branch="true" condition-coverage="0% (0/4)" />
                <line number="22" hits="0" branch="false" />
                <line number="26" hits="0" branch="false" />
                <line number="29" hits="0" branch="false" />
              </lines>
            </method>
          </methods>
          <lines>
            <line number="9" hits="0" branch="false" />
            <line number="13" hits="0" branch="false" />
            <line number="15" hits="0" branch="false" />
            <line number="20" hits="0" branch="true" condition-coverage="0% (0/4)" />
            <line number="22" hits="0" branch="false" />
            <line number="26" hits="0" branch="false" />
            <line number="29" hits="0" branch="false" />
          </lines>
        </class>
        <class name="Ombor.Infrastructure.Services.PasswordHasher" filename="/home/runner/work/Ombor.API/Ombor.API/src/Ombor.Infrastructure/Services/PasswordHasher.cs" line-rate="0" branch-rate="1" complexity="4">
          <methods>
            <method name="HashPassword" signature="(System.String)" line-rate="0" branch-rate="1" complexity="1">
              <lines>
                <line number="13" hits="0" branch="false" />
                <line number="14" hits="0" branch="false" />
                <line number="15" hits="0" branch="false" />
                <line number="16" hits="0" branch="false" />
                <line number="17" hits="0" branch="false" />
                <line number="18" hits="0" branch="false" />
                <line number="19" hits="0" branch="false" />
                <line number="21" hits="0" branch="false" />
                <line number="22" hits="0" branch="false" />
                <line number="23" hits="0" branch="false" />
                <line number="24" hits="0" branch="false" />
              </lines>
            </method>
            <method name="VerifyPassword" signature="(System.String,Ombor.Domain.Entities.User)" line-rate="0" branch-rate="1" complexity="1">
              <lines>
                <line number="29" hits="0" branch="false" />
                <line number="30" hits="0" branch="false" />
                <line number="32" hits="0" branch="false" />
                <line number="33" hits="0" branch="false" />
                <line number="34" hits="0" branch="false" />
                <line number="35" hits="0" branch="false" />
                <line number="36" hits="0" branch="false" />
                <line number="37" hits="0" branch="false" />
                <line number="39" hits="0" branch="false" />
              </lines>
            </method>
            <method name="HashPassword" signature="(System.String)" line-rate="0" branch-rate="1" complexity="1">
              <lines>
                <line number="13" hits="0" branch="false" />
                <line number="14" hits="0" branch="false" />
                <line number="15" hits="0" branch="false" />
                <line number="16" hits="0" branch="false" />
                <line number="17" hits="0" branch="false" />
                <line number="18" hits="0" branch="false" />
                <line number="19" hits="0" branch="false" />
                <line number="21" hits="0" branch="false" />
                <line number="22" hits="0" branch="false" />
                <line number="23" hits="0" branch="false" />
                <line number="24" hits="0" branch="false" />
              </lines>
            </method>
            <method name="VerifyPassword" signature="(System.String,Ombor.Domain.Entities.User)" line-rate="0" branch-rate="1" complexity="1">
              <lines>
                <line number="29" hits="0" branch="false" />
                <line number="30" hits="0" branch="false" />
                <line number="32" hits="0" branch="false" />
                <line number="33" hits="0" branch="false" />
                <line number="34" hits="0" branch="false" />
                <line number="35" hits="0" branch="false" />
                <line number="36" hits="0" branch="false" />
                <line number="37" hits="0" branch="false" />
                <line number="39" hits="0" branch="false" />
              </lines>
            </method>
          </methods>
          <lines>
            <line number="13" hits="0" branch="false" />
            <line number="14" hits="0" branch="false" />
            <line number="15" hits="0" branch="false" />
            <line number="16" hits="0" branch="false" />
            <line number="17" hits="0" branch="false" />
            <line number="18" hits="0" branch="false" />
            <line number="19" hits="0" branch="false" />
            <line number="21" hits="0" branch="false" />
            <line number="22" hits="0" branch="false" />
            <line number="23" hits="0" branch="false" />
            <line number="24" hits="0" branch="false" />
            <line number="29" hits="0" branch="false" />
            <line number="30" hits="0" branch="false" />
            <line number="32" hits="0" branch="false" />
            <line number="33" hits="0" branch="false" />
            <line number="34" hits="0" branch="false" />
            <line number="35" hits="0" branch="false" />
            <line number="36" hits="0" branch="false" />
            <line number="37" hits="0" branch="false" />
            <line number="39" hits="0" branch="false" />
          </lines>
        </class>
        <class name="Ombor.Infrastructure.Services.RedisService" filename="/home/runner/work/Ombor.API/Ombor.API/src/Ombor.Infrastructure/Services/RedisService.cs" line-rate="0" branch-rate="1" complexity="2">
          <methods>
            <method name=".ctor" signature="(StackExchange.Redis.IConnectionMultiplexer)" line-rate="0" branch-rate="1" complexity="1">
              <lines>
                <line number="9" hits="0" branch="false" />
              </lines>
            </method>
            <method name=".ctor" signature="(StackExchange.Redis.IConnectionMultiplexer)" line-rate="0" branch-rate="1" complexity="1">
              <lines>
                <line number="9" hits="0" branch="false" />
              </lines>
            </method>
          </methods>
          <lines>
            <line number="9" hits="0" branch="false" />
          </lines>
        </class>
        <class name="Ombor.Infrastructure.Services.SmsService" filename="/home/runner/work/Ombor.API/Ombor.API/src/Ombor.Infrastructure/Services/SmsService.cs" line-rate="0" branch-rate="1" complexity="2">
          <methods>
            <method name=".ctor" signature="(Ombor.Application.Interfaces.IRequestValidator,System.Net.Http.HttpClient,Microsoft.Extensions.Options.IOptions`1&lt;Ombor.Application.Configurations.SmsSettings&gt;)" line-rate="0" branch-rate="1" complexity="1">
              <lines>
                <line number="16" hits="0" branch="false" />
              </lines>
            </method>
            <method name=".ctor" signature="(Ombor.Application.Interfaces.IRequestValidator,System.Net.Http.HttpClient,Microsoft.Extensions.Options.IOptions`1&lt;Ombor.Application.Configurations.SmsSettings&gt;)" line-rate="0" branch-rate="1" complexity="1">
              <lines>
                <line number="16" hits="0" branch="false" />
              </lines>
            </method>
          </methods>
          <lines>
            <line number="16" hits="0" branch="false" />
          </lines>
        </class>
        <class name="Ombor.Infrastructure.Storage.LocalFileStorage" filename="/home/runner/work/Ombor.API/Ombor.API/src/Ombor.Infrastructure/Storage/LocalFileStorage.cs" line-rate="1" branch-rate="1" complexity="8">
          <methods>
            <method name="DeleteAsync" signature="(System.String,System.Threading.CancellationToken)" line-rate="1" branch-rate="1" complexity="2">
              <lines>
                <line number="42" hits="52" branch="false" />
                <line number="43" hits="40" branch="false" />
                <line number="45" hits="40" branch="true" condition-coverage="100% (4/4)" />
                <line number="47" hits="28" branch="false" />
                <line number="50" hits="40" branch="false" />
              </lines>
            </method>
            <method name=".ctor" signature="(Microsoft.AspNetCore.Hosting.IWebHostEnvironment)" line-rate="1" branch-rate="1" complexity="2">
              <lines>
                <line number="9" hits="88" branch="true" condition-coverage="100% (4/4)" />
                <line number="10" hits="88" branch="false" />
              </lines>
            </method>
            <method name="DeleteAsync" signature="(System.String,System.Threading.CancellationToken)" line-rate="1" branch-rate="1" complexity="2">
              <lines>
                <line number="42" hits="52" branch="false" />
                <line number="43" hits="40" branch="false" />
                <line number="45" hits="40" branch="true" condition-coverage="100% (4/4)" />
                <line number="47" hits="28" branch="false" />
                <line number="50" hits="40" branch="false" />
              </lines>
            </method>
            <method name=".ctor" signature="(Microsoft.AspNetCore.Hosting.IWebHostEnvironment)" line-rate="1" branch-rate="1" complexity="2">
              <lines>
                <line number="9" hits="88" branch="true" condition-coverage="100% (4/4)" />
                <line number="10" hits="88" branch="false" />
              </lines>
            </method>
          </methods>
          <lines>
            <line number="9" hits="88" branch="true" condition-coverage="100% (4/4)" />
            <line number="10" hits="88" branch="false" />
            <line number="42" hits="52" branch="false" />
            <line number="43" hits="40" branch="false" />
            <line number="45" hits="40" branch="true" condition-coverage="100% (4/4)" />
            <line number="47" hits="28" branch="false" />
            <line number="50" hits="40" branch="false" />
          </lines>
        </class>
      </classes>
    </package>
  </packages>
</coverage>